   1              		.cpu arm7tdmi
   2              		.fpu softvfp
   3              		.eabi_attribute 20, 1
   4              		.eabi_attribute 21, 1
   5              		.eabi_attribute 23, 3
   6              		.eabi_attribute 24, 1
   7              		.eabi_attribute 25, 1
   8              		.eabi_attribute 26, 1
   9              		.eabi_attribute 30, 6
  10              		.eabi_attribute 18, 4
  11              		.file	"dma.c"
  21              	.Ltext0:
  22              		.file 1 "../dma.c"
 1780              		.align	2
 1781              		.global	isr_BDMA0_dummy
 1783              	isr_BDMA0_dummy:
 1784              	.LFB0:
   1:../dma.c      **** #include "44b.h"
   2:../dma.c      **** #include "dma.h"
   3:../dma.c      **** #include "intcontroller.h"
   4:../dma.c      **** 
   5:../dma.c      **** void isr_BDMA0_dummy( void )  __attribute__ ((interrupt ("IRQ")));
   6:../dma.c      **** 
   7:../dma.c      **** void isr_BDMA0_dummy( void ) {
 1785              		.loc 1 7 0
 1786              		.cfi_startproc
 1787              		@ Interrupt Service Routine.
 1788              		@ args = 0, pretend = 0, frame = 0
 1789              		@ frame_needed = 1, uses_anonymous_args = 0
 1790 0000 04C02DE5 		str	ip, [sp, #-4]!
 1791 0004 0DC0A0E1 		mov	ip, sp
 1792              	.LCFI0:
 1793              		.cfi_def_cfa_register 12
 1794 0008 0FD82DE9 		stmfd	sp!, {r0, r1, r2, r3, fp, ip, lr, pc}
 1795 000c 04B04CE2 		sub	fp, ip, #4
 1796              		.cfi_offset 14, -8
 1797              		.cfi_offset 13, -12
 1798              		.cfi_offset 11, -16
 1799              		.cfi_offset 3, -20
 1800              		.cfi_offset 2, -24
 1801              		.cfi_offset 1, -28
 1802              		.cfi_offset 0, -32
 1803              	.LCFI1:
 1804              		.cfi_def_cfa 11, 4
   8:../dma.c      **** 	ic_cleanflag(INT_BDMA0);
 1805              		.loc 1 8 0
 1806 0010 1100A0E3 		mov	r0, #17
 1807 0014 FEFFFFEB 		bl	ic_cleanflag
   9:../dma.c      **** }
 1808              		.loc 1 9 0
 1809 0018 1CD04BE2 		sub	sp, fp, #28
 1810 001c 0F689DE8 		ldmfd	sp, {r0, r1, r2, r3, fp, sp, lr}
 1811 0020 04C09DE4 		ldmfd	sp!, {ip}
 1812 0024 04F05EE2 		subs	pc, lr, #4
 1813              		.cfi_endproc
 1814              	.LFE0:
 1816              		.align	2
 1817              		.global	bdma0_init
 1819              	bdma0_init:
 1820              	.LFB1:
  10:../dma.c      **** 
  11:../dma.c      **** void bdma0_init( void )
  12:../dma.c      **** {
 1821              		.loc 1 12 0
 1822              		.cfi_startproc
 1823              		@ Function supports interworking.
 1824              		@ args = 0, pretend = 0, frame = 0
 1825              		@ frame_needed = 1, uses_anonymous_args = 0
 1826 0028 0DC0A0E1 		mov	ip, sp
 1827              	.LCFI2:
 1828              		.cfi_def_cfa_register 12
 1829 002c 00D82DE9 		stmfd	sp!, {fp, ip, lr, pc}
 1830 0030 04B04CE2 		sub	fp, ip, #4
 1831              		.cfi_offset 14, -8
 1832              		.cfi_offset 13, -12
 1833              		.cfi_offset 11, -16
 1834              	.LCFI3:
 1835              		.cfi_def_cfa 11, 4
  13:../dma.c      ****     rBDCON0  = 0;
 1836              		.loc 1 13 0
 1837 0034 7E37A0E3 		mov	r3, #33030144
 1838 0038 0020A0E3 		mov	r2, #0
 1839 003c 002083E5 		str	r2, [r3, #0]
  14:../dma.c      ****     rBDISRC0 = 0;
 1840              		.loc 1 14 0
 1841 0040 34309FE5 		ldr	r3, .L3
 1842 0044 0020A0E3 		mov	r2, #0
 1843 0048 002083E5 		str	r2, [r3, #0]
  15:../dma.c      ****     rBDIDES0 = 0;
 1844              		.loc 1 15 0
 1845 004c 2C309FE5 		ldr	r3, .L3+4
 1846 0050 0020A0E3 		mov	r2, #0
 1847 0054 002083E5 		str	r2, [r3, #0]
  16:../dma.c      ****     rBDICNT0 = 0;
 1848              		.loc 1 16 0
 1849 0058 24309FE5 		ldr	r3, .L3+8
 1850 005c 0020A0E3 		mov	r2, #0
 1851 0060 002083E5 		str	r2, [r3, #0]
  17:../dma.c      **** 
  18:../dma.c      ****     ic_conf_line(INT_BDMA0, IRQ);
 1852              		.loc 1 18 0
 1853 0064 1100A0E3 		mov	r0, #17
 1854 0068 0010A0E3 		mov	r1, #0
 1855 006c FEFFFFEB 		bl	ic_conf_line
  19:../dma.c      **** }
 1856              		.loc 1 19 0
 1857 0070 0CD04BE2 		sub	sp, fp, #12
 1858 0074 00689DE8 		ldmfd	sp, {fp, sp, lr}
 1859 0078 1EFF2FE1 		bx	lr
 1860              	.L4:
 1861              		.align	2
 1862              	.L3:
 1863 007c 0400F801 		.word	33030148
 1864 0080 0800F801 		.word	33030152
 1865 0084 0C00F801 		.word	33030156
 1866              		.cfi_endproc
 1867              	.LFE1:
 1869              		.align	2
 1870              		.global	bdma0_open
 1872              	bdma0_open:
 1873              	.LFB2:
  20:../dma.c      **** 
  21:../dma.c      **** void bdma0_open( void (*isr)(void) )
  22:../dma.c      **** {
 1874              		.loc 1 22 0
 1875              		.cfi_startproc
 1876              		@ Function supports interworking.
 1877              		@ args = 0, pretend = 0, frame = 8
 1878              		@ frame_needed = 1, uses_anonymous_args = 0
 1879 0088 0DC0A0E1 		mov	ip, sp
 1880              	.LCFI4:
 1881              		.cfi_def_cfa_register 12
 1882 008c 00D82DE9 		stmfd	sp!, {fp, ip, lr, pc}
 1883 0090 04B04CE2 		sub	fp, ip, #4
 1884              		.cfi_offset 14, -8
 1885              		.cfi_offset 13, -12
 1886              		.cfi_offset 11, -16
 1887              	.LCFI5:
 1888              		.cfi_def_cfa 11, 4
 1889 0094 08D04DE2 		sub	sp, sp, #8
 1890 0098 10000BE5 		str	r0, [fp, #-16]
  23:../dma.c      ****     pISR_BDMA0 = (unsigned) isr;
 1891              		.loc 1 23 0
 1892 009c 20309FE5 		ldr	r3, .L6
 1893 00a0 10201BE5 		ldr	r2, [fp, #-16]
 1894 00a4 002083E5 		str	r2, [r3, #0]
  24:../dma.c      ****     ic_cleanflag(INT_BDMA0);
 1895              		.loc 1 24 0
 1896 00a8 1100A0E3 		mov	r0, #17
 1897 00ac FEFFFFEB 		bl	ic_cleanflag
  25:../dma.c      ****     ic_enable(INT_BDMA0);
 1898              		.loc 1 25 0
 1899 00b0 1100A0E3 		mov	r0, #17
 1900 00b4 FEFFFFEB 		bl	ic_enable
  26:../dma.c      **** }
 1901              		.loc 1 26 0
 1902 00b8 0CD04BE2 		sub	sp, fp, #12
 1903 00bc 00689DE8 		ldmfd	sp, {fp, sp, lr}
 1904 00c0 1EFF2FE1 		bx	lr
 1905              	.L7:
 1906              		.align	2
 1907              	.L6:
 1908 00c4 64FF7F0C 		.word	209715044
 1909              		.cfi_endproc
 1910              	.LFE2:
 1912              		.align	2
 1913              		.global	bdma0_close
 1915              	bdma0_close:
 1916              	.LFB3:
  27:../dma.c      **** 
  28:../dma.c      **** void bdma0_close( void )
  29:../dma.c      **** {
 1917              		.loc 1 29 0
 1918              		.cfi_startproc
 1919              		@ Function supports interworking.
 1920              		@ args = 0, pretend = 0, frame = 0
 1921              		@ frame_needed = 1, uses_anonymous_args = 0
 1922 00c8 0DC0A0E1 		mov	ip, sp
 1923              	.LCFI6:
 1924              		.cfi_def_cfa_register 12
 1925 00cc 00D82DE9 		stmfd	sp!, {fp, ip, lr, pc}
 1926 00d0 04B04CE2 		sub	fp, ip, #4
 1927              		.cfi_offset 14, -8
 1928              		.cfi_offset 13, -12
 1929              		.cfi_offset 11, -16
 1930              	.LCFI7:
 1931              		.cfi_def_cfa 11, 4
  30:../dma.c      ****     ic_disable(INT_BDMA0);
 1932              		.loc 1 30 0
 1933 00d4 1100A0E3 		mov	r0, #17
 1934 00d8 FEFFFFEB 		bl	ic_disable
  31:../dma.c      ****     pISR_BDMA0 = (unsigned) isr_BDMA0_dummy;
 1935              		.loc 1 31 0
 1936 00dc 10309FE5 		ldr	r3, .L9
 1937 00e0 10209FE5 		ldr	r2, .L9+4
 1938 00e4 002083E5 		str	r2, [r3, #0]
  32:../dma.c      **** }
 1939              		.loc 1 32 0
 1940 00e8 0CD04BE2 		sub	sp, fp, #12
 1941 00ec 00689DE8 		ldmfd	sp, {fp, sp, lr}
 1942 00f0 1EFF2FE1 		bx	lr
 1943              	.L10:
 1944              		.align	2
 1945              	.L9:
 1946 00f4 64FF7F0C 		.word	209715044
 1947 00f8 00000000 		.word	isr_BDMA0_dummy
 1948              		.cfi_endproc
 1949              	.LFE3:
 1951              	.Letext0:
DEFINED SYMBOLS
                            *ABS*:00000000 dma.c
C:\Users\Pedro\AppData\Local\Temp\ccjiv3UY.s:1780   .text:00000000 $a
C:\Users\Pedro\AppData\Local\Temp\ccjiv3UY.s:1783   .text:00000000 isr_BDMA0_dummy
C:\Users\Pedro\AppData\Local\Temp\ccjiv3UY.s:1819   .text:00000028 bdma0_init
C:\Users\Pedro\AppData\Local\Temp\ccjiv3UY.s:1863   .text:0000007c $d
C:\Users\Pedro\AppData\Local\Temp\ccjiv3UY.s:1869   .text:00000088 $a
C:\Users\Pedro\AppData\Local\Temp\ccjiv3UY.s:1872   .text:00000088 bdma0_open
C:\Users\Pedro\AppData\Local\Temp\ccjiv3UY.s:1908   .text:000000c4 $d
C:\Users\Pedro\AppData\Local\Temp\ccjiv3UY.s:1912   .text:000000c8 $a
C:\Users\Pedro\AppData\Local\Temp\ccjiv3UY.s:1915   .text:000000c8 bdma0_close
C:\Users\Pedro\AppData\Local\Temp\ccjiv3UY.s:1946   .text:000000f4 $d
                     .debug_frame:00000010 $d

UNDEFINED SYMBOLS
ic_cleanflag
ic_conf_line
ic_enable
ic_disable
