
prac1a.elf:     file format elf32-littlearm

Sections:
Idx Name          Size      VMA       LMA       File off  Algn
  0 .data         00000078  0c100000  0c100000  00008000  2**2
                  CONTENTS, ALLOC, LOAD, DATA
  1 .bss          00000008  0c100078  0c100078  00008078  2**2
                  ALLOC
  2 .text         00000f88  0c100080  0c100080  00008080  2**2
                  CONTENTS, ALLOC, LOAD, READONLY, CODE
  3 .debug_abbrev 00000382  00000000  00000000  00009008  2**0
                  CONTENTS, READONLY, DEBUGGING
  4 .debug_info   00000797  00000000  00000000  0000938a  2**0
                  CONTENTS, READONLY, DEBUGGING
  5 .debug_line   0000065f  00000000  00000000  00009b21  2**0
                  CONTENTS, READONLY, DEBUGGING
  6 .debug_macinfo 0001f6b0  00000000  00000000  0000a180  2**0
                  CONTENTS, READONLY, DEBUGGING
  7 .debug_loc    00000420  00000000  00000000  00029830  2**0
                  CONTENTS, READONLY, DEBUGGING
  8 .debug_pubnames 000001c8  00000000  00000000  00029c50  2**0
                  CONTENTS, READONLY, DEBUGGING
  9 .debug_pubtypes 000000e6  00000000  00000000  00029e18  2**0
                  CONTENTS, READONLY, DEBUGGING
 10 .debug_aranges 000000e0  00000000  00000000  00029f00  2**3
                  CONTENTS, READONLY, DEBUGGING
 11 .debug_str    000002a7  00000000  00000000  00029fe0  2**0
                  CONTENTS, READONLY, DEBUGGING
 12 .comment      0000002a  00000000  00000000  0002a287  2**0
                  CONTENTS, READONLY
 13 .ARM.attributes 00000030  00000000  00000000  0002a2b1  2**0
                  CONTENTS, READONLY
 14 .debug_frame  00000380  00000000  00000000  0002a2e4  2**2
                  CONTENTS, READONLY, DEBUGGING

Disassembly of section .text:

0c100080 <D8Led_init>:
	 							 DIGIT_4, DIGIT_5, DIGIT_6, DIGIT_7, 
								 DIGIT_8, DIGIT_9, DIGIT_A, DIGIT_B,
								 DIGIT_C, DIGIT_D, DIGIT_E, DIGIT_F };
			  					  
void D8Led_init(void)
{
 c100080:	e1a0c00d 	mov	ip, sp
 c100084:	e92dd800 	push	{fp, ip, lr, pc}
 c100088:	e24cb004 	sub	fp, ip, #4
    LED8ADDR = ~0 ;
 c10008c:	e3a03785 	mov	r3, #34865152	; 0x2140000
 c100090:	e3e02000 	mvn	r2, #0
 c100094:	e5c32000 	strb	r2, [r3]
}
 c100098:	e24bd00c 	sub	sp, fp, #12
 c10009c:	e89d6800 	ldm	sp, {fp, sp, lr}
 c1000a0:	e12fff1e 	bx	lr

0c1000a4 <D8Led_segment>:

void D8Led_segment(int value)
{
 c1000a4:	e1a0c00d 	mov	ip, sp
 c1000a8:	e92dd800 	push	{fp, ip, lr, pc}
 c1000ac:	e24cb004 	sub	fp, ip, #4
 c1000b0:	e24dd008 	sub	sp, sp, #8
 c1000b4:	e50b0010 	str	r0, [fp, #-16]
	if( (value >= 0) && (value < 8) )
 c1000b8:	e51b3010 	ldr	r3, [fp, #-16]
 c1000bc:	e3530000 	cmp	r3, #0
 c1000c0:	ba00000a 	blt	c1000f0 <D8Led_segment+0x4c>
 c1000c4:	e51b3010 	ldr	r3, [fp, #-16]
 c1000c8:	e3530007 	cmp	r3, #7
 c1000cc:	ca000007 	bgt	c1000f0 <D8Led_segment+0x4c>
		// COMPLETAR: debemos escribir en el display (LED8ADDR) el valor
		// correcto para que se ilumine el segmento que est· en la posiciÛn
		// value del array Segmentes. Hay que tener en cuente que el display
		// usa lÛgica invertida (0 enciende, 1 apaga).
		LED8ADDR = ~Segments[value];
 c1000d0:	e3a03785 	mov	r3, #34865152	; 0x2140000
 c1000d4:	e59f2020 	ldr	r2, [pc, #32]	; c1000fc <D8Led_segment+0x58>
 c1000d8:	e51b1010 	ldr	r1, [fp, #-16]
 c1000dc:	e7922101 	ldr	r2, [r2, r1, lsl #2]
 c1000e0:	e20220ff 	and	r2, r2, #255	; 0xff
 c1000e4:	e1e02002 	mvn	r2, r2
 c1000e8:	e20220ff 	and	r2, r2, #255	; 0xff
 c1000ec:	e5c32000 	strb	r2, [r3]
}
 c1000f0:	e24bd00c 	sub	sp, fp, #12
 c1000f4:	e89d6800 	ldm	sp, {fp, sp, lr}
 c1000f8:	e12fff1e 	bx	lr
 c1000fc:	0c100000 	.word	0x0c100000

0c100100 <D8Led_digit>:

void D8Led_digit(int value)
{
 c100100:	e1a0c00d 	mov	ip, sp
 c100104:	e92dd800 	push	{fp, ip, lr, pc}
 c100108:	e24cb004 	sub	fp, ip, #4
 c10010c:	e24dd008 	sub	sp, sp, #8
 c100110:	e50b0010 	str	r0, [fp, #-16]
	if( (value >= 0) && (value < 16) )
 c100114:	e51b3010 	ldr	r3, [fp, #-16]
 c100118:	e3530000 	cmp	r3, #0
 c10011c:	ba00000a 	blt	c10014c <D8Led_digit+0x4c>
 c100120:	e51b3010 	ldr	r3, [fp, #-16]
 c100124:	e353000f 	cmp	r3, #15
 c100128:	ca000007 	bgt	c10014c <D8Led_digit+0x4c>
		// COMPLETAR: debemos escribir en el display (LED8ADDR) el valor
		// correcto para que se ilumine el dÌgito que est· en la posiciÛn
		// value del array Digits. Hay que tener en cuente que el display
		// usa lÛgica invertida (0 enciende, 1 apaga).
		LED8ADDR = ~Digits[value];
 c10012c:	e3a03785 	mov	r3, #34865152	; 0x2140000
 c100130:	e59f2020 	ldr	r2, [pc, #32]	; c100158 <D8Led_digit+0x58>
 c100134:	e51b1010 	ldr	r1, [fp, #-16]
 c100138:	e7922101 	ldr	r2, [r2, r1, lsl #2]
 c10013c:	e20220ff 	and	r2, r2, #255	; 0xff
 c100140:	e1e02002 	mvn	r2, r2
 c100144:	e20220ff 	and	r2, r2, #255	; 0xff
 c100148:	e5c32000 	strb	r2, [r3]
}
 c10014c:	e24bd00c 	sub	sp, fp, #12
 c100150:	e89d6800 	ldm	sp, {fp, sp, lr}
 c100154:	e12fff1e 	bx	lr
 c100158:	0c100020 	.word	0x0c100020

0c10015c <read_button>:
#include "button.h"
#include "leds.h"
#include "gpio.h"

unsigned int read_button(void)
{
 c10015c:	e1a0c00d 	mov	ip, sp
 c100160:	e92dd800 	push	{fp, ip, lr, pc}
 c100164:	e24cb004 	sub	fp, ip, #4
 c100168:	e24dd008 	sub	sp, sp, #8
	unsigned int buttons = 0;
 c10016c:	e3a03000 	mov	r3, #0
 c100170:	e50b3010 	str	r3, [fp, #-16]
	//pines 6 y 7 del puerto G (portG_read) debemos devolver un valor (buttons)
	//en el que el bit 0 (el menos significativo) representa el estado del bot√≥n
	//del pin 6 y el bit 1 representa el estado del bot√≥n del pin 7 (a 1 si
	//est√°n pulsados a 0 si no lo est√°n).

	portG_read(6, &val);
 c100174:	e24b3011 	sub	r3, fp, #17
 c100178:	e3a00006 	mov	r0, #6
 c10017c:	e1a01003 	mov	r1, r3
 c100180:	eb00012f 	bl	c100644 <portG_read>
	if(!val)
 c100184:	e55b3011 	ldrb	r3, [fp, #-17]	; 0xffffffef
 c100188:	e3530000 	cmp	r3, #0
 c10018c:	1a000002 	bne	c10019c <read_button+0x40>
		buttons |= BUT1;
 c100190:	e51b3010 	ldr	r3, [fp, #-16]
 c100194:	e3833001 	orr	r3, r3, #1
 c100198:	e50b3010 	str	r3, [fp, #-16]

	portG_read(7, &val);
 c10019c:	e24b3011 	sub	r3, fp, #17
 c1001a0:	e3a00007 	mov	r0, #7
 c1001a4:	e1a01003 	mov	r1, r3
 c1001a8:	eb000125 	bl	c100644 <portG_read>
	if(!val)
 c1001ac:	e55b3011 	ldrb	r3, [fp, #-17]	; 0xffffffef
 c1001b0:	e3530000 	cmp	r3, #0
 c1001b4:	1a000002 	bne	c1001c4 <read_button+0x68>
		buttons |= BUT2;
 c1001b8:	e51b3010 	ldr	r3, [fp, #-16]
 c1001bc:	e3833002 	orr	r3, r3, #2
 c1001c0:	e50b3010 	str	r3, [fp, #-16]

	return buttons;
 c1001c4:	e51b3010 	ldr	r3, [fp, #-16]
}
 c1001c8:	e1a00003 	mov	r0, r3
 c1001cc:	e24bd00c 	sub	sp, fp, #12
 c1001d0:	e89d6800 	ldm	sp, {fp, sp, lr}
 c1001d4:	e12fff1e 	bx	lr

0c1001d8 <portB_conf>:
#include "gpio.h"

/* Port B interface implementation */

int portB_conf(int pin, enum port_mode mode)
{
 c1001d8:	e1a0c00d 	mov	ip, sp
 c1001dc:	e92dd800 	push	{fp, ip, lr, pc}
 c1001e0:	e24cb004 	sub	fp, ip, #4
 c1001e4:	e24dd010 	sub	sp, sp, #16
 c1001e8:	e50b0018 	str	r0, [fp, #-24]	; 0xffffffe8
 c1001ec:	e1a03001 	mov	r3, r1
 c1001f0:	e54b3019 	strb	r3, [fp, #-25]	; 0xffffffe7
	int ret = 0;
 c1001f4:	e3a03000 	mov	r3, #0
 c1001f8:	e50b3010 	str	r3, [fp, #-16]
	if (pin < 0 || pin > 10)
 c1001fc:	e51b3018 	ldr	r3, [fp, #-24]	; 0xffffffe8
 c100200:	e3530000 	cmp	r3, #0
 c100204:	ba000002 	blt	c100214 <portB_conf+0x3c>
 c100208:	e51b3018 	ldr	r3, [fp, #-24]	; 0xffffffe8
 c10020c:	e353000a 	cmp	r3, #10
 c100210:	da000001 	ble	c10021c <portB_conf+0x44>
		return -1; // indica error
 c100214:	e3e03000 	mvn	r3, #0
 c100218:	ea00001b 	b	c10028c <portB_conf+0xb4>

	if (mode == SIGOUT)
 c10021c:	e55b3019 	ldrb	r3, [fp, #-25]	; 0xffffffe7
 c100220:	e3530002 	cmp	r3, #2
 c100224:	1a000008 	bne	c10024c <portB_conf+0x74>
		// COMPLETAR: poner en rPCONB el bit indicado por pin a 1 para que por
		// dicho pin en el puerto B salga la se√É¬±al correspondiente del
		// controlador de memoria
		rPCONB |= 1 << pin;
 c100228:	e59f306c 	ldr	r3, [pc, #108]	; c10029c <portB_conf+0xc4>
 c10022c:	e59f2068 	ldr	r2, [pc, #104]	; c10029c <portB_conf+0xc4>
 c100230:	e5921000 	ldr	r1, [r2]
 c100234:	e3a00001 	mov	r0, #1
 c100238:	e51b2018 	ldr	r2, [fp, #-24]	; 0xffffffe8
 c10023c:	e1a02210 	lsl	r2, r0, r2
 c100240:	e1812002 	orr	r2, r1, r2
 c100244:	e5832000 	str	r2, [r3]
 c100248:	ea00000e 	b	c100288 <portB_conf+0xb0>
	else if (mode == OUTPUT)
 c10024c:	e55b3019 	ldrb	r3, [fp, #-25]	; 0xffffffe7
 c100250:	e3530001 	cmp	r3, #1
 c100254:	1a000009 	bne	c100280 <portB_conf+0xa8>
		// COMPLETAR: poner en rPCONB el bit indicado por pin a 0 para que dicho
		// pin sea un pin de salida
		rPCONB &= ~(1 << pin);
 c100258:	e59f303c 	ldr	r3, [pc, #60]	; c10029c <portB_conf+0xc4>
 c10025c:	e59f2038 	ldr	r2, [pc, #56]	; c10029c <portB_conf+0xc4>
 c100260:	e5921000 	ldr	r1, [r2]
 c100264:	e3a00001 	mov	r0, #1
 c100268:	e51b2018 	ldr	r2, [fp, #-24]	; 0xffffffe8
 c10026c:	e1a02210 	lsl	r2, r0, r2
 c100270:	e1e02002 	mvn	r2, r2
 c100274:	e0012002 	and	r2, r1, r2
 c100278:	e5832000 	str	r2, [r3]
 c10027c:	ea000001 	b	c100288 <portB_conf+0xb0>
	else
		ret = -1; // indica error
 c100280:	e3e03000 	mvn	r3, #0
 c100284:	e50b3010 	str	r3, [fp, #-16]

	return ret;
 c100288:	e51b3010 	ldr	r3, [fp, #-16]
}
 c10028c:	e1a00003 	mov	r0, r3
 c100290:	e24bd00c 	sub	sp, fp, #12
 c100294:	e89d6800 	ldm	sp, {fp, sp, lr}
 c100298:	e12fff1e 	bx	lr
 c10029c:	01d20008 	.word	0x01d20008

0c1002a0 <portB_write>:

int portB_write(int pin, enum digital val)
{
 c1002a0:	e1a0c00d 	mov	ip, sp
 c1002a4:	e92dd800 	push	{fp, ip, lr, pc}
 c1002a8:	e24cb004 	sub	fp, ip, #4
 c1002ac:	e24dd008 	sub	sp, sp, #8
 c1002b0:	e50b0010 	str	r0, [fp, #-16]
 c1002b4:	e1a03001 	mov	r3, r1
 c1002b8:	e54b3011 	strb	r3, [fp, #-17]	; 0xffffffef
	if (pin < 0 || pin > 10)
 c1002bc:	e51b3010 	ldr	r3, [fp, #-16]
 c1002c0:	e3530000 	cmp	r3, #0
 c1002c4:	ba000002 	blt	c1002d4 <portB_write+0x34>
 c1002c8:	e51b3010 	ldr	r3, [fp, #-16]
 c1002cc:	e353000a 	cmp	r3, #10
 c1002d0:	da000001 	ble	c1002dc <portB_write+0x3c>
		return -1; // indica error
 c1002d4:	e3e03000 	mvn	r3, #0
 c1002d8:	ea00001a 	b	c100348 <portB_write+0xa8>

	if (val < 0 || val > 1)
 c1002dc:	e55b3011 	ldrb	r3, [fp, #-17]	; 0xffffffef
 c1002e0:	e3530001 	cmp	r3, #1
 c1002e4:	9a000001 	bls	c1002f0 <portB_write+0x50>
		return -1; // indica error
 c1002e8:	e3e03000 	mvn	r3, #0
 c1002ec:	ea000015 	b	c100348 <portB_write+0xa8>

	if (val)
 c1002f0:	e55b3011 	ldrb	r3, [fp, #-17]	; 0xffffffef
 c1002f4:	e3530000 	cmp	r3, #0
 c1002f8:	0a000008 	beq	c100320 <portB_write+0x80>
		// COMPLETAR: poner en rPDATB el bit indicado por pin a 1
		rPDATB |= 1 << pin;
 c1002fc:	e59f3054 	ldr	r3, [pc, #84]	; c100358 <portB_write+0xb8>
 c100300:	e59f2050 	ldr	r2, [pc, #80]	; c100358 <portB_write+0xb8>
 c100304:	e5921000 	ldr	r1, [r2]
 c100308:	e3a00001 	mov	r0, #1
 c10030c:	e51b2010 	ldr	r2, [fp, #-16]
 c100310:	e1a02210 	lsl	r2, r0, r2
 c100314:	e1812002 	orr	r2, r1, r2
 c100318:	e5832000 	str	r2, [r3]
 c10031c:	ea000008 	b	c100344 <portB_write+0xa4>
	else
		// COMPLETAR: poner en rPDATB el bit indicado por pin a 0
		rPDATB &= ~(1 << pin);
 c100320:	e59f3030 	ldr	r3, [pc, #48]	; c100358 <portB_write+0xb8>
 c100324:	e59f202c 	ldr	r2, [pc, #44]	; c100358 <portB_write+0xb8>
 c100328:	e5921000 	ldr	r1, [r2]
 c10032c:	e3a00001 	mov	r0, #1
 c100330:	e51b2010 	ldr	r2, [fp, #-16]
 c100334:	e1a02210 	lsl	r2, r0, r2
 c100338:	e1e02002 	mvn	r2, r2
 c10033c:	e0012002 	and	r2, r1, r2
 c100340:	e5832000 	str	r2, [r3]

	return 0;
 c100344:	e3a03000 	mov	r3, #0
}
 c100348:	e1a00003 	mov	r0, r3
 c10034c:	e24bd00c 	sub	sp, fp, #12
 c100350:	e89d6800 	ldm	sp, {fp, sp, lr}
 c100354:	e12fff1e 	bx	lr
 c100358:	01d2000c 	.word	0x01d2000c

0c10035c <portG_conf>:

/* Port G interface implementation */

int portG_conf(int pin, enum port_mode mode)
{
 c10035c:	e1a0c00d 	mov	ip, sp
 c100360:	e92dd800 	push	{fp, ip, lr, pc}
 c100364:	e24cb004 	sub	fp, ip, #4
 c100368:	e24dd010 	sub	sp, sp, #16
 c10036c:	e50b0018 	str	r0, [fp, #-24]	; 0xffffffe8
 c100370:	e1a03001 	mov	r3, r1
 c100374:	e54b3019 	strb	r3, [fp, #-25]	; 0xffffffe7
	int pos  = pin*2;
 c100378:	e51b3018 	ldr	r3, [fp, #-24]	; 0xffffffe8
 c10037c:	e1a03083 	lsl	r3, r3, #1
 c100380:	e50b3010 	str	r3, [fp, #-16]

	if (pin < 0 || pin > 7)
 c100384:	e51b3018 	ldr	r3, [fp, #-24]	; 0xffffffe8
 c100388:	e3530000 	cmp	r3, #0
 c10038c:	ba000002 	blt	c10039c <portG_conf+0x40>
 c100390:	e51b3018 	ldr	r3, [fp, #-24]	; 0xffffffe8
 c100394:	e3530007 	cmp	r3, #7
 c100398:	da000001 	ble	c1003a4 <portG_conf+0x48>
		return -1; // indica error
 c10039c:	e3e03000 	mvn	r3, #0
 c1003a0:	ea000056 	b	c100500 <portG_conf+0x1a4>

	switch (mode) {
 c1003a4:	e55b3019 	ldrb	r3, [fp, #-25]	; 0xffffffe7
 c1003a8:	e3530003 	cmp	r3, #3
 c1003ac:	979ff103 	ldrls	pc, [pc, r3, lsl #2]
 c1003b0:	ea00004f 	b	c1004f4 <portG_conf+0x198>
 c1003b4:	0c1003c4 	.word	0x0c1003c4
 c1003b8:	0c100414 	.word	0x0c100414
 c1003bc:	0c100460 	.word	0x0c100460
 c1003c0:	0c1004ac 	.word	0x0c1004ac
		case INPUT:
			// COMPLETAR: poner en rPCONG 00 a partir de la posici√É¬≥n pos para
			// configurar como pin de entrada el pin indicado por el par√É¬°metro pin
			rPCONG &= ~(1 << pos);  	 // 0
 c1003c4:	e59f3144 	ldr	r3, [pc, #324]	; c100510 <portG_conf+0x1b4>
 c1003c8:	e59f2140 	ldr	r2, [pc, #320]	; c100510 <portG_conf+0x1b4>
 c1003cc:	e5921000 	ldr	r1, [r2]
 c1003d0:	e3a00001 	mov	r0, #1
 c1003d4:	e51b2010 	ldr	r2, [fp, #-16]
 c1003d8:	e1a02210 	lsl	r2, r0, r2
 c1003dc:	e1e02002 	mvn	r2, r2
 c1003e0:	e0012002 	and	r2, r1, r2
 c1003e4:	e5832000 	str	r2, [r3]
			rPCONG &= ~(1 << (pos + 1)); // 0
 c1003e8:	e59f3120 	ldr	r3, [pc, #288]	; c100510 <portG_conf+0x1b4>
 c1003ec:	e59f211c 	ldr	r2, [pc, #284]	; c100510 <portG_conf+0x1b4>
 c1003f0:	e5921000 	ldr	r1, [r2]
 c1003f4:	e51b2010 	ldr	r2, [fp, #-16]
 c1003f8:	e2822001 	add	r2, r2, #1
 c1003fc:	e3a00001 	mov	r0, #1
 c100400:	e1a02210 	lsl	r2, r0, r2
 c100404:	e1e02002 	mvn	r2, r2
 c100408:	e0012002 	and	r2, r1, r2
 c10040c:	e5832000 	str	r2, [r3]
			break;
 c100410:	ea000039 	b	c1004fc <portG_conf+0x1a0>
		case OUTPUT:
			// COMPLETAR: poner en rPCONG 01 a partir de la posici√É¬≥n pos para
			// configurar como pin de salida el pin indicado por el par√É¬°metro pin
			rPCONG |= 1 << pos;			 // 1
 c100414:	e59f30f4 	ldr	r3, [pc, #244]	; c100510 <portG_conf+0x1b4>
 c100418:	e59f20f0 	ldr	r2, [pc, #240]	; c100510 <portG_conf+0x1b4>
 c10041c:	e5921000 	ldr	r1, [r2]
 c100420:	e3a00001 	mov	r0, #1
 c100424:	e51b2010 	ldr	r2, [fp, #-16]
 c100428:	e1a02210 	lsl	r2, r0, r2
 c10042c:	e1812002 	orr	r2, r1, r2
 c100430:	e5832000 	str	r2, [r3]
			rPCONG &= ~(1 << (pos + 1)); // 0
 c100434:	e59f30d4 	ldr	r3, [pc, #212]	; c100510 <portG_conf+0x1b4>
 c100438:	e59f20d0 	ldr	r2, [pc, #208]	; c100510 <portG_conf+0x1b4>
 c10043c:	e5921000 	ldr	r1, [r2]
 c100440:	e51b2010 	ldr	r2, [fp, #-16]
 c100444:	e2822001 	add	r2, r2, #1
 c100448:	e3a00001 	mov	r0, #1
 c10044c:	e1a02210 	lsl	r2, r0, r2
 c100450:	e1e02002 	mvn	r2, r2
 c100454:	e0012002 	and	r2, r1, r2
 c100458:	e5832000 	str	r2, [r3]
			break;
 c10045c:	ea000026 	b	c1004fc <portG_conf+0x1a0>
		case SIGOUT:
			// COMPLETAR: poner en rPCONG 10 a partir de la posici√É¬≥n pos para
			// que salga la se√É¬±al interna correspondiente por el pin indicado
			// por el par√É¬°metro pin
			rPCONG &= ~(1 << pos); 		// 0
 c100460:	e59f30a8 	ldr	r3, [pc, #168]	; c100510 <portG_conf+0x1b4>
 c100464:	e59f20a4 	ldr	r2, [pc, #164]	; c100510 <portG_conf+0x1b4>
 c100468:	e5921000 	ldr	r1, [r2]
 c10046c:	e3a00001 	mov	r0, #1
 c100470:	e51b2010 	ldr	r2, [fp, #-16]
 c100474:	e1a02210 	lsl	r2, r0, r2
 c100478:	e1e02002 	mvn	r2, r2
 c10047c:	e0012002 	and	r2, r1, r2
 c100480:	e5832000 	str	r2, [r3]
			rPCONG |= 1 << (pos + 1);	// 1
 c100484:	e59f3084 	ldr	r3, [pc, #132]	; c100510 <portG_conf+0x1b4>
 c100488:	e59f2080 	ldr	r2, [pc, #128]	; c100510 <portG_conf+0x1b4>
 c10048c:	e5921000 	ldr	r1, [r2]
 c100490:	e51b2010 	ldr	r2, [fp, #-16]
 c100494:	e2822001 	add	r2, r2, #1
 c100498:	e3a00001 	mov	r0, #1
 c10049c:	e1a02210 	lsl	r2, r0, r2
 c1004a0:	e1812002 	orr	r2, r1, r2
 c1004a4:	e5832000 	str	r2, [r3]
			break;
 c1004a8:	ea000013 	b	c1004fc <portG_conf+0x1a0>
		case EINT:
			// COMPLETAR: poner en rPCONG 11 a partir de la posici√É¬≥n pos para
			// habilitar la generaci√É¬≥n de interrupciones externas por el pin
			// indicado por el par√É¬°metro pin
			rPCONG |= 1 << pos;			// 1
 c1004ac:	e59f305c 	ldr	r3, [pc, #92]	; c100510 <portG_conf+0x1b4>
 c1004b0:	e59f2058 	ldr	r2, [pc, #88]	; c100510 <portG_conf+0x1b4>
 c1004b4:	e5921000 	ldr	r1, [r2]
 c1004b8:	e3a00001 	mov	r0, #1
 c1004bc:	e51b2010 	ldr	r2, [fp, #-16]
 c1004c0:	e1a02210 	lsl	r2, r0, r2
 c1004c4:	e1812002 	orr	r2, r1, r2
 c1004c8:	e5832000 	str	r2, [r3]
			rPCONG |= 1 << (pos + 1);	// 1
 c1004cc:	e59f303c 	ldr	r3, [pc, #60]	; c100510 <portG_conf+0x1b4>
 c1004d0:	e59f2038 	ldr	r2, [pc, #56]	; c100510 <portG_conf+0x1b4>
 c1004d4:	e5921000 	ldr	r1, [r2]
 c1004d8:	e51b2010 	ldr	r2, [fp, #-16]
 c1004dc:	e2822001 	add	r2, r2, #1
 c1004e0:	e3a00001 	mov	r0, #1
 c1004e4:	e1a02210 	lsl	r2, r0, r2
 c1004e8:	e1812002 	orr	r2, r1, r2
 c1004ec:	e5832000 	str	r2, [r3]
			break;
 c1004f0:	ea000001 	b	c1004fc <portG_conf+0x1a0>
		default:
			return -1;
 c1004f4:	e3e03000 	mvn	r3, #0
 c1004f8:	ea000000 	b	c100500 <portG_conf+0x1a4>
	}

	return 0;
 c1004fc:	e3a03000 	mov	r3, #0
}
 c100500:	e1a00003 	mov	r0, r3
 c100504:	e24bd00c 	sub	sp, fp, #12
 c100508:	e89d6800 	ldm	sp, {fp, sp, lr}
 c10050c:	e12fff1e 	bx	lr
 c100510:	01d20040 	.word	0x01d20040

0c100514 <portG_eint_trig>:

int portG_eint_trig(int pin, enum trigger trig)
{
 c100514:	e1a0c00d 	mov	ip, sp
 c100518:	e92dd800 	push	{fp, ip, lr, pc}
 c10051c:	e24cb004 	sub	fp, ip, #4
 c100520:	e24dd008 	sub	sp, sp, #8
 c100524:	e50b0010 	str	r0, [fp, #-16]
 c100528:	e1a03001 	mov	r3, r1
 c10052c:	e54b3011 	strb	r3, [fp, #-17]	; 0xffffffef
	// A COMPLETAR EN LA SIGUIENTE DE LA PR√ÉÔøΩCTICA
	return 0;
 c100530:	e3a03000 	mov	r3, #0
}
 c100534:	e1a00003 	mov	r0, r3
 c100538:	e24bd00c 	sub	sp, fp, #12
 c10053c:	e89d6800 	ldm	sp, {fp, sp, lr}
 c100540:	e12fff1e 	bx	lr

0c100544 <portG_write>:

int portG_write(int pin, enum digital val)
{
 c100544:	e1a0c00d 	mov	ip, sp
 c100548:	e92dd800 	push	{fp, ip, lr, pc}
 c10054c:	e24cb004 	sub	fp, ip, #4
 c100550:	e24dd010 	sub	sp, sp, #16
 c100554:	e50b0018 	str	r0, [fp, #-24]	; 0xffffffe8
 c100558:	e1a03001 	mov	r3, r1
 c10055c:	e54b3019 	strb	r3, [fp, #-25]	; 0xffffffe7
	int pos = pin*2;
 c100560:	e51b3018 	ldr	r3, [fp, #-24]	; 0xffffffe8
 c100564:	e1a03083 	lsl	r3, r3, #1
 c100568:	e50b3010 	str	r3, [fp, #-16]

	if (pin < 0 || pin > 7)
 c10056c:	e51b3018 	ldr	r3, [fp, #-24]	; 0xffffffe8
 c100570:	e3530000 	cmp	r3, #0
 c100574:	ba000002 	blt	c100584 <portG_write+0x40>
 c100578:	e51b3018 	ldr	r3, [fp, #-24]	; 0xffffffe8
 c10057c:	e3530007 	cmp	r3, #7
 c100580:	da000001 	ble	c10058c <portG_write+0x48>
		return -1; // indica error
 c100584:	e3e03000 	mvn	r3, #0
 c100588:	ea000027 	b	c10062c <portG_write+0xe8>

	if (val < 0 || val > 1)
 c10058c:	e55b3019 	ldrb	r3, [fp, #-25]	; 0xffffffe7
 c100590:	e3530001 	cmp	r3, #1
 c100594:	9a000001 	bls	c1005a0 <portG_write+0x5c>
		return -1; // indica error
 c100598:	e3e03000 	mvn	r3, #0
 c10059c:	ea000022 	b	c10062c <portG_write+0xe8>

	if ((rPCONG & (0x3 << pos)) != (0x1 << pos))
 c1005a0:	e59f3094 	ldr	r3, [pc, #148]	; c10063c <portG_write+0xf8>
 c1005a4:	e5932000 	ldr	r2, [r3]
 c1005a8:	e3a01003 	mov	r1, #3
 c1005ac:	e51b3010 	ldr	r3, [fp, #-16]
 c1005b0:	e1a03311 	lsl	r3, r1, r3
 c1005b4:	e0022003 	and	r2, r2, r3
 c1005b8:	e3a01001 	mov	r1, #1
 c1005bc:	e51b3010 	ldr	r3, [fp, #-16]
 c1005c0:	e1a03311 	lsl	r3, r1, r3
 c1005c4:	e1520003 	cmp	r2, r3
 c1005c8:	0a000001 	beq	c1005d4 <portG_write+0x90>
		return -1; // indica error
 c1005cc:	e3e03000 	mvn	r3, #0
 c1005d0:	ea000015 	b	c10062c <portG_write+0xe8>

	if (val)
 c1005d4:	e55b3019 	ldrb	r3, [fp, #-25]	; 0xffffffe7
 c1005d8:	e3530000 	cmp	r3, #0
 c1005dc:	0a000008 	beq	c100604 <portG_write+0xc0>
		// COMPLETAR: poner en rPDATG el bit indicado por pin a 1
		rPDATG |= 1 << pin;
 c1005e0:	e59f3058 	ldr	r3, [pc, #88]	; c100640 <portG_write+0xfc>
 c1005e4:	e59f2054 	ldr	r2, [pc, #84]	; c100640 <portG_write+0xfc>
 c1005e8:	e5921000 	ldr	r1, [r2]
 c1005ec:	e3a00001 	mov	r0, #1
 c1005f0:	e51b2018 	ldr	r2, [fp, #-24]	; 0xffffffe8
 c1005f4:	e1a02210 	lsl	r2, r0, r2
 c1005f8:	e1812002 	orr	r2, r1, r2
 c1005fc:	e5832000 	str	r2, [r3]
 c100600:	ea000008 	b	c100628 <portG_write+0xe4>
	else
		// COMPLETAR: poner en rPDATG el bit indicado por pin a 0
		rPDATG &= ~(1 << pin);
 c100604:	e59f3034 	ldr	r3, [pc, #52]	; c100640 <portG_write+0xfc>
 c100608:	e59f2030 	ldr	r2, [pc, #48]	; c100640 <portG_write+0xfc>
 c10060c:	e5921000 	ldr	r1, [r2]
 c100610:	e3a00001 	mov	r0, #1
 c100614:	e51b2018 	ldr	r2, [fp, #-24]	; 0xffffffe8
 c100618:	e1a02210 	lsl	r2, r0, r2
 c10061c:	e1e02002 	mvn	r2, r2
 c100620:	e0012002 	and	r2, r1, r2
 c100624:	e5832000 	str	r2, [r3]

	return 0;
 c100628:	e3a03000 	mov	r3, #0
}
 c10062c:	e1a00003 	mov	r0, r3
 c100630:	e24bd00c 	sub	sp, fp, #12
 c100634:	e89d6800 	ldm	sp, {fp, sp, lr}
 c100638:	e12fff1e 	bx	lr
 c10063c:	01d20040 	.word	0x01d20040
 c100640:	01d20044 	.word	0x01d20044

0c100644 <portG_read>:

int portG_read(int pin, enum digital* val)
{
 c100644:	e1a0c00d 	mov	ip, sp
 c100648:	e92dd800 	push	{fp, ip, lr, pc}
 c10064c:	e24cb004 	sub	fp, ip, #4
 c100650:	e24dd010 	sub	sp, sp, #16
 c100654:	e50b0018 	str	r0, [fp, #-24]	; 0xffffffe8
 c100658:	e50b101c 	str	r1, [fp, #-28]	; 0xffffffe4
	int pos = pin*2;
 c10065c:	e51b3018 	ldr	r3, [fp, #-24]	; 0xffffffe8
 c100660:	e1a03083 	lsl	r3, r3, #1
 c100664:	e50b3010 	str	r3, [fp, #-16]

	if (pin < 0 || pin > 7)
 c100668:	e51b3018 	ldr	r3, [fp, #-24]	; 0xffffffe8
 c10066c:	e3530000 	cmp	r3, #0
 c100670:	ba000002 	blt	c100680 <portG_read+0x3c>
 c100674:	e51b3018 	ldr	r3, [fp, #-24]	; 0xffffffe8
 c100678:	e3530007 	cmp	r3, #7
 c10067c:	da000001 	ble	c100688 <portG_read+0x44>
		return -1; // indica error
 c100680:	e3e03000 	mvn	r3, #0
 c100684:	ea000019 	b	c1006f0 <portG_read+0xac>

	if (rPCONG & (0x3 << pos))
 c100688:	e59f3070 	ldr	r3, [pc, #112]	; c100700 <portG_read+0xbc>
 c10068c:	e5932000 	ldr	r2, [r3]
 c100690:	e3a01003 	mov	r1, #3
 c100694:	e51b3010 	ldr	r3, [fp, #-16]
 c100698:	e1a03311 	lsl	r3, r1, r3
 c10069c:	e0023003 	and	r3, r2, r3
 c1006a0:	e3530000 	cmp	r3, #0
 c1006a4:	0a000001 	beq	c1006b0 <portG_read+0x6c>
		return -1; // indica error
 c1006a8:	e3e03000 	mvn	r3, #0
 c1006ac:	ea00000f 	b	c1006f0 <portG_read+0xac>

	/*COMPLETAR: true si est√É¬° a 1 en rPDATG el pin indicado por el par√É¬°metro pin*/
	if (rPDATG & (1 << pin))
 c1006b0:	e59f304c 	ldr	r3, [pc, #76]	; c100704 <portG_read+0xc0>
 c1006b4:	e5932000 	ldr	r2, [r3]
 c1006b8:	e3a01001 	mov	r1, #1
 c1006bc:	e51b3018 	ldr	r3, [fp, #-24]	; 0xffffffe8
 c1006c0:	e1a03311 	lsl	r3, r1, r3
 c1006c4:	e0023003 	and	r3, r2, r3
 c1006c8:	e3530000 	cmp	r3, #0
 c1006cc:	0a000003 	beq	c1006e0 <portG_read+0x9c>
		*val = HIGH;
 c1006d0:	e51b301c 	ldr	r3, [fp, #-28]	; 0xffffffe4
 c1006d4:	e3a02001 	mov	r2, #1
 c1006d8:	e5c32000 	strb	r2, [r3]
 c1006dc:	ea000002 	b	c1006ec <portG_read+0xa8>
	else
		*val = LOW;
 c1006e0:	e51b301c 	ldr	r3, [fp, #-28]	; 0xffffffe4
 c1006e4:	e3a02000 	mov	r2, #0
 c1006e8:	e5c32000 	strb	r2, [r3]

	return 0;
 c1006ec:	e3a03000 	mov	r3, #0
}
 c1006f0:	e1a00003 	mov	r0, r3
 c1006f4:	e24bd00c 	sub	sp, fp, #12
 c1006f8:	e89d6800 	ldm	sp, {fp, sp, lr}
 c1006fc:	e12fff1e 	bx	lr
 c100700:	01d20040 	.word	0x01d20040
 c100704:	01d20044 	.word	0x01d20044

0c100708 <portG_conf_pup>:

int portG_conf_pup(int pin, enum enable st)
{
 c100708:	e1a0c00d 	mov	ip, sp
 c10070c:	e92dd800 	push	{fp, ip, lr, pc}
 c100710:	e24cb004 	sub	fp, ip, #4
 c100714:	e24dd008 	sub	sp, sp, #8
 c100718:	e50b0010 	str	r0, [fp, #-16]
 c10071c:	e1a03001 	mov	r3, r1
 c100720:	e54b3011 	strb	r3, [fp, #-17]	; 0xffffffef
	if (pin < 0 || pin > 7)
 c100724:	e51b3010 	ldr	r3, [fp, #-16]
 c100728:	e3530000 	cmp	r3, #0
 c10072c:	ba000002 	blt	c10073c <portG_conf_pup+0x34>
 c100730:	e51b3010 	ldr	r3, [fp, #-16]
 c100734:	e3530007 	cmp	r3, #7
 c100738:	da000001 	ble	c100744 <portG_conf_pup+0x3c>
		return -1; // indica error
 c10073c:	e3e03000 	mvn	r3, #0
 c100740:	ea00001d 	b	c1007bc <portG_conf_pup+0xb4>

	if (st != ENABLE && st != DISABLE)
 c100744:	e55b3011 	ldrb	r3, [fp, #-17]	; 0xffffffef
 c100748:	e3530001 	cmp	r3, #1
 c10074c:	0a000004 	beq	c100764 <portG_conf_pup+0x5c>
 c100750:	e55b3011 	ldrb	r3, [fp, #-17]	; 0xffffffef
 c100754:	e3530000 	cmp	r3, #0
 c100758:	0a000001 	beq	c100764 <portG_conf_pup+0x5c>
		return -1; // indica error
 c10075c:	e3e03000 	mvn	r3, #0
 c100760:	ea000015 	b	c1007bc <portG_conf_pup+0xb4>

	if (st == ENABLE)
 c100764:	e55b3011 	ldrb	r3, [fp, #-17]	; 0xffffffef
 c100768:	e3530001 	cmp	r3, #1
 c10076c:	1a000009 	bne	c100798 <portG_conf_pup+0x90>
		// COMPLETAR: poner el pin de rPUPG indicado por el parametro pin al valor adecuado,
		// para activar la resistencia de pull-up
		rPUPG &= ~(1 << pin);
 c100770:	e59f3054 	ldr	r3, [pc, #84]	; c1007cc <portG_conf_pup+0xc4>
 c100774:	e59f2050 	ldr	r2, [pc, #80]	; c1007cc <portG_conf_pup+0xc4>
 c100778:	e5921000 	ldr	r1, [r2]
 c10077c:	e3a00001 	mov	r0, #1
 c100780:	e51b2010 	ldr	r2, [fp, #-16]
 c100784:	e1a02210 	lsl	r2, r0, r2
 c100788:	e1e02002 	mvn	r2, r2
 c10078c:	e0012002 	and	r2, r1, r2
 c100790:	e5832000 	str	r2, [r3]
 c100794:	ea000007 	b	c1007b8 <portG_conf_pup+0xb0>
	else
		// COMPLETAR: poner el pin de rPUPG indicado por el parametro pin al valor adecuado,
		// para desactivar la resistencia de pull-up
		rPUPG |= 1 << pin;
 c100798:	e59f302c 	ldr	r3, [pc, #44]	; c1007cc <portG_conf_pup+0xc4>
 c10079c:	e59f2028 	ldr	r2, [pc, #40]	; c1007cc <portG_conf_pup+0xc4>
 c1007a0:	e5921000 	ldr	r1, [r2]
 c1007a4:	e3a00001 	mov	r0, #1
 c1007a8:	e51b2010 	ldr	r2, [fp, #-16]
 c1007ac:	e1a02210 	lsl	r2, r0, r2
 c1007b0:	e1812002 	orr	r2, r1, r2
 c1007b4:	e5832000 	str	r2, [r3]

	return 0;
 c1007b8:	e3a03000 	mov	r3, #0
}
 c1007bc:	e1a00003 	mov	r0, r3
 c1007c0:	e24bd00c 	sub	sp, fp, #12
 c1007c4:	e89d6800 	ldm	sp, {fp, sp, lr}
 c1007c8:	e12fff1e 	bx	lr
 c1007cc:	01d20048 	.word	0x01d20048

0c1007d0 <start>:
	.equ rINTMSK,    0x1e0000c

start:

	/* Pasa a modo supervisor */
    mrs	r0, cpsr
 c1007d0:	e10f0000 	mrs	r0, CPSR
    bic	r0, r0, #MODEMASK
 c1007d4:	e3c0001f 	bic	r0, r0, #31
    orr	r1, r0, #SVCMODE
 c1007d8:	e3801013 	orr	r1, r0, #19
    msr	cpsr_c, r1 
 c1007dc:	e121f001 	msr	CPSR_c, r1

	/* Enmascara interrupciones */
	ldr r0, =rINTMSK
 c1007e0:	e59f0094 	ldr	r0, [pc, #148]	; c10087c <InitStacks+0x48>
	ldr r1, =0x1fffffff
 c1007e4:	e3e0120e 	mvn	r1, #-536870912	; 0xe0000000
    str r1, [r0]
 c1007e8:	e5801000 	str	r1, [r0]

	/* Habilita linea IRQ y FIQ del CPSR */
	mrs r0, cpsr
 c1007ec:	e10f0000 	mrs	r0, CPSR
	bic r0, r0, #0xC0
 c1007f0:	e3c000c0 	bic	r0, r0, #192	; 0xc0
	msr cpsr_c, r0
 c1007f4:	e121f000 	msr	CPSR_c, r0
	
	/* Inicializaci√≥n de la secci√≥n bss a 0, est√°ndar C */
    ldr	    r3, =Image_ZI_Base
 c1007f8:	e59f3080 	ldr	r3, [pc, #128]	; c100880 <InitStacks+0x4c>
	ldr	    r1, =Image_ZI_Limit	/* Top of zero init segment */
 c1007fc:	e59f1080 	ldr	r1, [pc, #128]	; c100884 <InitStacks+0x50>
    mov	    r2, #0
 c100800:	e3a02000 	mov	r2, #0

0c100804 <L0>:
L0:
    cmp	    r3, r1	    		/* Zero init */
 c100804:	e1530001 	cmp	r3, r1
    strcc   r2, [r3], #4
 c100808:	34832004 	strcc	r2, [r3], #4
    bcc	    L0
 c10080c:	3afffffc 	bcc	c100804 <L0>
	/****************************************************/

	/* Desde modo SVC inicializa los SP de todos los modos de ejecuciÔøΩn privilegiados */
    bl InitStacks
 c100810:	eb000007 	bl	c100834 <InitStacks>
	
	/* Desde modo SVC cambia a modo USR e inicializa el SP_usr */
	mrs r0, cpsr
 c100814:	e10f0000 	mrs	r0, CPSR
	bic r0, r0, #MODEMASK
 c100818:	e3c0001f 	bic	r0, r0, #31
	orr r1, r0, #USRMODE  
 c10081c:	e3801010 	orr	r1, r0, #16
	msr cpsr_c, r1
 c100820:	e121f001 	msr	CPSR_c, r1
	ldr sp, =USRSTACK
 c100824:	e59fd05c 	ldr	sp, [pc, #92]	; c100888 <InitStacks+0x54>

    mov fp, #0
 c100828:	e3a0b000 	mov	fp, #0

    bl main
 c10082c:	eb00014e 	bl	c100d6c <main>

0c100830 <End>:

End:
    B End
 c100830:	eafffffe 	b	c100830 <End>

0c100834 <InitStacks>:

InitStacks:
	mrs r0, cpsr
 c100834:	e10f0000 	mrs	r0, CPSR
	bic r0, r0, #MODEMASK
 c100838:	e3c0001f 	bic	r0, r0, #31

	orr r1, r0, #UNDMODE  /* desde modo SVC cambia a modo UND e inicializa el SP_und */
 c10083c:	e380101b 	orr	r1, r0, #27
	msr cpsr_c, r1    
 c100840:	e121f001 	msr	CPSR_c, r1
	ldr sp, =UNDSTACK
 c100844:	e59fd040 	ldr	sp, [pc, #64]	; c10088c <InitStacks+0x58>

	orr r1, r0, #ABTMODE  /* desde modo UND cambia a modo ABT e inicializa el SP_abt */
 c100848:	e3801017 	orr	r1, r0, #23
	msr cpsr_c, r1 
 c10084c:	e121f001 	msr	CPSR_c, r1
	ldr sp, =ABTSTACK
 c100850:	e59fd038 	ldr	sp, [pc, #56]	; c100890 <InitStacks+0x5c>

	orr r1, r0, #IRQMODE  /* desde modo ABT cambia a modo IRQ e inicializa el SP_abt */
 c100854:	e3801012 	orr	r1, r0, #18
	msr cpsr_c, r1
 c100858:	e121f001 	msr	CPSR_c, r1
	ldr sp, =IRQSTACK
 c10085c:	e59fd030 	ldr	sp, [pc, #48]	; c100894 <InitStacks+0x60>

	orr r1, r0, #FIQMODE  /* desde modo IRQ cambia a modo FIQ e inicializa el SP_fiq */
 c100860:	e3801011 	orr	r1, r0, #17
	msr cpsr_c, r1
 c100864:	e121f001 	msr	CPSR_c, r1
	ldr sp, =FIQSTACK
 c100868:	e59fd028 	ldr	sp, [pc, #40]	; c100898 <InitStacks+0x64>

	orr r1, r0, #SVCMODE  /* desde modo FIQ cambia a modo SVC e inicializa el SP_svc */
 c10086c:	e3801013 	orr	r1, r0, #19
	msr cpsr_c, r1
 c100870:	e121f001 	msr	CPSR_c, r1
	ldr sp, =SVCSTACK
 c100874:	e59fd020 	ldr	sp, [pc, #32]	; c10089c <InitStacks+0x68>
	
    mov pc, lr
 c100878:	e1a0f00e 	mov	pc, lr
 c10087c:	01e0000c 	.word	0x01e0000c
 c100880:	0c100078 	.word	0x0c100078
 c100884:	0c100080 	.word	0x0c100080
 c100888:	0c7ff000 	.word	0x0c7ff000
 c10088c:	0c7ff200 	.word	0x0c7ff200
 c100890:	0c7ff300 	.word	0x0c7ff300
 c100894:	0c7ff400 	.word	0x0c7ff400
 c100898:	0c7ff500 	.word	0x0c7ff500
 c10089c:	0c7ff100 	.word	0x0c7ff100

0c1008a0 <leds_init>:
// significativos, cada uno para un led
// 1 encendido y 0 apagado
static unsigned int status = 0;

void leds_init( void )
{
 c1008a0:	e1a0c00d 	mov	ip, sp
 c1008a4:	e92dd800 	push	{fp, ip, lr, pc}
 c1008a8:	e24cb004 	sub	fp, ip, #4
	//COMPLETAR usando el interfaz del puerto B definido en gpio.h
	// hay que configurar los pines 9 y 10 como pines de salida
	portB_conf(BIT_LED1, OUTPUT);
 c1008ac:	e3a00009 	mov	r0, #9
 c1008b0:	e3a01001 	mov	r1, #1
 c1008b4:	ebfffe47 	bl	c1001d8 <portB_conf>
	portB_conf(BIT_LED2, OUTPUT);
 c1008b8:	e3a0000a 	mov	r0, #10
 c1008bc:	e3a01001 	mov	r1, #1
 c1008c0:	ebfffe44 	bl	c1001d8 <portB_conf>
	leds_display( status );
 c1008c4:	e59f3014 	ldr	r3, [pc, #20]	; c1008e0 <leds_init+0x40>
 c1008c8:	e5933000 	ldr	r3, [r3]
 c1008cc:	e1a00003 	mov	r0, r3
 c1008d0:	eb000073 	bl	c100aa4 <leds_display>
}
 c1008d4:	e24bd00c 	sub	sp, fp, #12
 c1008d8:	e89d6800 	ldm	sp, {fp, sp, lr}
 c1008dc:	e12fff1e 	bx	lr
 c1008e0:	0c100078 	.word	0x0c100078

0c1008e4 <led1_on>:

void led1_on( void )
{
 c1008e4:	e1a0c00d 	mov	ip, sp
 c1008e8:	e92dd800 	push	{fp, ip, lr, pc}
 c1008ec:	e24cb004 	sub	fp, ip, #4
	status |=  LED1;
 c1008f0:	e59f3028 	ldr	r3, [pc, #40]	; c100920 <led1_on+0x3c>
 c1008f4:	e5933000 	ldr	r3, [r3]
 c1008f8:	e3832001 	orr	r2, r3, #1
 c1008fc:	e59f301c 	ldr	r3, [pc, #28]	; c100920 <led1_on+0x3c>
 c100900:	e5832000 	str	r2, [r3]
	leds_display( status );
 c100904:	e59f3014 	ldr	r3, [pc, #20]	; c100920 <led1_on+0x3c>
 c100908:	e5933000 	ldr	r3, [r3]
 c10090c:	e1a00003 	mov	r0, r3
 c100910:	eb000063 	bl	c100aa4 <leds_display>
}
 c100914:	e24bd00c 	sub	sp, fp, #12
 c100918:	e89d6800 	ldm	sp, {fp, sp, lr}
 c10091c:	e12fff1e 	bx	lr
 c100920:	0c100078 	.word	0x0c100078

0c100924 <led1_off>:

void led1_off( void )
{
 c100924:	e1a0c00d 	mov	ip, sp
 c100928:	e92dd800 	push	{fp, ip, lr, pc}
 c10092c:	e24cb004 	sub	fp, ip, #4
	status &=  ~LED1;
 c100930:	e59f3028 	ldr	r3, [pc, #40]	; c100960 <led1_off+0x3c>
 c100934:	e5933000 	ldr	r3, [r3]
 c100938:	e3c32001 	bic	r2, r3, #1
 c10093c:	e59f301c 	ldr	r3, [pc, #28]	; c100960 <led1_off+0x3c>
 c100940:	e5832000 	str	r2, [r3]
	leds_display( status );
 c100944:	e59f3014 	ldr	r3, [pc, #20]	; c100960 <led1_off+0x3c>
 c100948:	e5933000 	ldr	r3, [r3]
 c10094c:	e1a00003 	mov	r0, r3
 c100950:	eb000053 	bl	c100aa4 <leds_display>
}
 c100954:	e24bd00c 	sub	sp, fp, #12
 c100958:	e89d6800 	ldm	sp, {fp, sp, lr}
 c10095c:	e12fff1e 	bx	lr
 c100960:	0c100078 	.word	0x0c100078

0c100964 <led2_on>:

void led2_on( void )
{
 c100964:	e1a0c00d 	mov	ip, sp
 c100968:	e92dd800 	push	{fp, ip, lr, pc}
 c10096c:	e24cb004 	sub	fp, ip, #4
	status |=  LED2;
 c100970:	e59f3028 	ldr	r3, [pc, #40]	; c1009a0 <led2_on+0x3c>
 c100974:	e5933000 	ldr	r3, [r3]
 c100978:	e3832002 	orr	r2, r3, #2
 c10097c:	e59f301c 	ldr	r3, [pc, #28]	; c1009a0 <led2_on+0x3c>
 c100980:	e5832000 	str	r2, [r3]
	leds_display( status );
 c100984:	e59f3014 	ldr	r3, [pc, #20]	; c1009a0 <led2_on+0x3c>
 c100988:	e5933000 	ldr	r3, [r3]
 c10098c:	e1a00003 	mov	r0, r3
 c100990:	eb000043 	bl	c100aa4 <leds_display>
}
 c100994:	e24bd00c 	sub	sp, fp, #12
 c100998:	e89d6800 	ldm	sp, {fp, sp, lr}
 c10099c:	e12fff1e 	bx	lr
 c1009a0:	0c100078 	.word	0x0c100078

0c1009a4 <led2_off>:

void led2_off( void )
{
 c1009a4:	e1a0c00d 	mov	ip, sp
 c1009a8:	e92dd800 	push	{fp, ip, lr, pc}
 c1009ac:	e24cb004 	sub	fp, ip, #4
	status &=  ~LED2;
 c1009b0:	e59f3028 	ldr	r3, [pc, #40]	; c1009e0 <led2_off+0x3c>
 c1009b4:	e5933000 	ldr	r3, [r3]
 c1009b8:	e3c32002 	bic	r2, r3, #2
 c1009bc:	e59f301c 	ldr	r3, [pc, #28]	; c1009e0 <led2_off+0x3c>
 c1009c0:	e5832000 	str	r2, [r3]
	leds_display( status );
 c1009c4:	e59f3014 	ldr	r3, [pc, #20]	; c1009e0 <led2_off+0x3c>
 c1009c8:	e5933000 	ldr	r3, [r3]
 c1009cc:	e1a00003 	mov	r0, r3
 c1009d0:	eb000033 	bl	c100aa4 <leds_display>
}
 c1009d4:	e24bd00c 	sub	sp, fp, #12
 c1009d8:	e89d6800 	ldm	sp, {fp, sp, lr}
 c1009dc:	e12fff1e 	bx	lr
 c1009e0:	0c100078 	.word	0x0c100078

0c1009e4 <led1_switch>:

void led1_switch( void )
{
 c1009e4:	e1a0c00d 	mov	ip, sp
 c1009e8:	e92dd800 	push	{fp, ip, lr, pc}
 c1009ec:	e24cb004 	sub	fp, ip, #4
	status ^= LED1;
 c1009f0:	e59f3028 	ldr	r3, [pc, #40]	; c100a20 <led1_switch+0x3c>
 c1009f4:	e5933000 	ldr	r3, [r3]
 c1009f8:	e2232001 	eor	r2, r3, #1
 c1009fc:	e59f301c 	ldr	r3, [pc, #28]	; c100a20 <led1_switch+0x3c>
 c100a00:	e5832000 	str	r2, [r3]
	leds_display( status );
 c100a04:	e59f3014 	ldr	r3, [pc, #20]	; c100a20 <led1_switch+0x3c>
 c100a08:	e5933000 	ldr	r3, [r3]
 c100a0c:	e1a00003 	mov	r0, r3
 c100a10:	eb000023 	bl	c100aa4 <leds_display>
}
 c100a14:	e24bd00c 	sub	sp, fp, #12
 c100a18:	e89d6800 	ldm	sp, {fp, sp, lr}
 c100a1c:	e12fff1e 	bx	lr
 c100a20:	0c100078 	.word	0x0c100078

0c100a24 <led2_switch>:

void led2_switch( void )
{
 c100a24:	e1a0c00d 	mov	ip, sp
 c100a28:	e92dd800 	push	{fp, ip, lr, pc}
 c100a2c:	e24cb004 	sub	fp, ip, #4
	status ^= LED2;
 c100a30:	e59f3028 	ldr	r3, [pc, #40]	; c100a60 <led2_switch+0x3c>
 c100a34:	e5933000 	ldr	r3, [r3]
 c100a38:	e2232002 	eor	r2, r3, #2
 c100a3c:	e59f301c 	ldr	r3, [pc, #28]	; c100a60 <led2_switch+0x3c>
 c100a40:	e5832000 	str	r2, [r3]
	leds_display( status );
 c100a44:	e59f3014 	ldr	r3, [pc, #20]	; c100a60 <led2_switch+0x3c>
 c100a48:	e5933000 	ldr	r3, [r3]
 c100a4c:	e1a00003 	mov	r0, r3
 c100a50:	eb000013 	bl	c100aa4 <leds_display>
}
 c100a54:	e24bd00c 	sub	sp, fp, #12
 c100a58:	e89d6800 	ldm	sp, {fp, sp, lr}
 c100a5c:	e12fff1e 	bx	lr
 c100a60:	0c100078 	.word	0x0c100078

0c100a64 <leds_switch>:

void leds_switch( void ){
 c100a64:	e1a0c00d 	mov	ip, sp
 c100a68:	e92dd800 	push	{fp, ip, lr, pc}
 c100a6c:	e24cb004 	sub	fp, ip, #4
	status ^= (LED1 | LED2);
 c100a70:	e59f3028 	ldr	r3, [pc, #40]	; c100aa0 <leds_switch+0x3c>
 c100a74:	e5933000 	ldr	r3, [r3]
 c100a78:	e2232003 	eor	r2, r3, #3
 c100a7c:	e59f301c 	ldr	r3, [pc, #28]	; c100aa0 <leds_switch+0x3c>
 c100a80:	e5832000 	str	r2, [r3]
	leds_display( status );
 c100a84:	e59f3014 	ldr	r3, [pc, #20]	; c100aa0 <leds_switch+0x3c>
 c100a88:	e5933000 	ldr	r3, [r3]
 c100a8c:	e1a00003 	mov	r0, r3
 c100a90:	eb000003 	bl	c100aa4 <leds_display>
}
 c100a94:	e24bd00c 	sub	sp, fp, #12
 c100a98:	e89d6800 	ldm	sp, {fp, sp, lr}
 c100a9c:	e12fff1e 	bx	lr
 c100aa0:	0c100078 	.word	0x0c100078

0c100aa4 <leds_display>:

void leds_display( unsigned int leds_status )
{
 c100aa4:	e1a0c00d 	mov	ip, sp
 c100aa8:	e92dd800 	push	{fp, ip, lr, pc}
 c100aac:	e24cb004 	sub	fp, ip, #4
 c100ab0:	e24dd008 	sub	sp, sp, #8
 c100ab4:	e50b0010 	str	r0, [fp, #-16]
	status = leds_status;
 c100ab8:	e59f3074 	ldr	r3, [pc, #116]	; c100b34 <leds_display+0x90>
 c100abc:	e51b2010 	ldr	r2, [fp, #-16]
 c100ac0:	e5832000 	str	r2, [r3]
	
	// LED 1
	if( status & LED1 )
 c100ac4:	e59f3068 	ldr	r3, [pc, #104]	; c100b34 <leds_display+0x90>
 c100ac8:	e5933000 	ldr	r3, [r3]
 c100acc:	e2033001 	and	r3, r3, #1
 c100ad0:	e20330ff 	and	r3, r3, #255	; 0xff
 c100ad4:	e3530000 	cmp	r3, #0
 c100ad8:	0a000003 	beq	c100aec <leds_display+0x48>
		//COMPLETAR usando el interfaz del puerto B definido en gpio.h
		//hay que poner a nivel bajo el bit correspondiente al led 1
		portB_write(BIT_LED1, DISABLE);
 c100adc:	e3a00009 	mov	r0, #9
 c100ae0:	e3a01000 	mov	r1, #0
 c100ae4:	ebfffded 	bl	c1002a0 <portB_write>
 c100ae8:	ea000002 	b	c100af8 <leds_display+0x54>
	else
		//COMPLETAR usando el interfaz del puerto B definido en gpio.h
		//hay que poner a nivel alto el bit correspondiente al led 1
		portB_write(BIT_LED1, ENABLE);
 c100aec:	e3a00009 	mov	r0, #9
 c100af0:	e3a01001 	mov	r1, #1
 c100af4:	ebfffde9 	bl	c1002a0 <portB_write>

	// LED 2
	if( status & LED2 )
 c100af8:	e59f3034 	ldr	r3, [pc, #52]	; c100b34 <leds_display+0x90>
 c100afc:	e5933000 	ldr	r3, [r3]
 c100b00:	e2033002 	and	r3, r3, #2
 c100b04:	e3530000 	cmp	r3, #0
 c100b08:	0a000003 	beq	c100b1c <leds_display+0x78>
		//COMPLETAR usando el interfaz del puerto B definido en gpio.h
		//hay que poner a nivel bajo el bit correspondiente al led 2
		portB_write(BIT_LED2, DISABLE);
 c100b0c:	e3a0000a 	mov	r0, #10
 c100b10:	e3a01000 	mov	r1, #0
 c100b14:	ebfffde1 	bl	c1002a0 <portB_write>
 c100b18:	ea000002 	b	c100b28 <leds_display+0x84>
	else
		//COMPLETAR usando el interfaz del puerto B definido en gpio.h
		//hay que poner a nivel alto el bit correspondiente al led 2
		portB_write(BIT_LED2, ENABLE);
 c100b1c:	e3a0000a 	mov	r0, #10
 c100b20:	e3a01001 	mov	r1, #1
 c100b24:	ebfffddd 	bl	c1002a0 <portB_write>
}
 c100b28:	e24bd00c 	sub	sp, fp, #12
 c100b2c:	e89d6800 	ldm	sp, {fp, sp, lr}
 c100b30:	e12fff1e 	bx	lr
 c100b34:	0c100078 	.word	0x0c100078

0c100b38 <setup>:
	.direction = 0,
	.position = 0,
};

int setup(void)
{
 c100b38:	e1a0c00d 	mov	ip, sp
 c100b3c:	e92dd800 	push	{fp, ip, lr, pc}
 c100b40:	e24cb004 	sub	fp, ip, #4
	leds_init();
 c100b44:	ebffff55 	bl	c1008a0 <leds_init>
	D8Led_init();
 c100b48:	ebfffd4c 	bl	c100080 <D8Led_init>
	D8Led_segment(RL.position);
 c100b4c:	e59f3054 	ldr	r3, [pc, #84]	; c100ba8 <setup+0x70>
 c100b50:	e5933010 	ldr	r3, [r3, #16]
 c100b54:	e1a00003 	mov	r0, r3
 c100b58:	ebfffd51 	bl	c1000a4 <D8Led_segment>

	//COMPLETAR: utilizando el interfaz para el puerto G definido en gpio.h hay
	//que configurar los pines 6 y 7 del puerto G como pines de entrada y
	//activar las correspondientes resistencias de pull-up
	
	portG_conf(6, INPUT);
 c100b5c:	e3a00006 	mov	r0, #6
 c100b60:	e3a01000 	mov	r1, #0
 c100b64:	ebfffdfc 	bl	c10035c <portG_conf>
	portG_conf_pup(6, ENABLE);
 c100b68:	e3a00006 	mov	r0, #6
 c100b6c:	e3a01001 	mov	r1, #1
 c100b70:	ebfffee4 	bl	c100708 <portG_conf_pup>

	portG_conf(7, INPUT);
 c100b74:	e3a00007 	mov	r0, #7
 c100b78:	e3a01000 	mov	r1, #0
 c100b7c:	ebfffdf6 	bl	c10035c <portG_conf>
	portG_conf_pup(7, ENABLE);
 c100b80:	e3a00007 	mov	r0, #7
 c100b84:	e3a01001 	mov	r1, #1
 c100b88:	ebfffede 	bl	c100708 <portG_conf_pup>

	/*******************************************/

	Delay(0);
 c100b8c:	e3a00000 	mov	r0, #0
 c100b90:	eb00007b 	bl	c100d84 <Delay>
	return 0;
 c100b94:	e3a03000 	mov	r3, #0
}
 c100b98:	e1a00003 	mov	r0, r3
 c100b9c:	e24bd00c 	sub	sp, fp, #12
 c100ba0:	e89d6800 	ldm	sp, {fp, sp, lr}
 c100ba4:	e12fff1e 	bx	lr
 c100ba8:	0c100060 	.word	0x0c100060

0c100bac <loop>:

int loop(void)
{
 c100bac:	e1a0c00d 	mov	ip, sp
 c100bb0:	e92dd800 	push	{fp, ip, lr, pc}
 c100bb4:	e24cb004 	sub	fp, ip, #4
 c100bb8:	e24dd008 	sub	sp, sp, #8
	unsigned int buttons = read_button();
 c100bbc:	ebfffd66 	bl	c10015c <read_button>
 c100bc0:	e50b0010 	str	r0, [fp, #-16]

	if (buttons & BUT1) {
 c100bc4:	e51b3010 	ldr	r3, [fp, #-16]
 c100bc8:	e2033001 	and	r3, r3, #1
 c100bcc:	e20330ff 	and	r3, r3, #255	; 0xff
 c100bd0:	e3530000 	cmp	r3, #0
 c100bd4:	0a000008 	beq	c100bfc <loop+0x50>
		// COMPLETAR: utilizando la interfaz para los leds definida en leds.h
		// hay que apagar ambos leds
		led1_off();
 c100bd8:	ebffff51 	bl	c100924 <led1_off>
		led2_off();
 c100bdc:	ebffff70 	bl	c1009a4 <led2_off>

		// Tambi√©n hay que conmutar la direcci√≥n del movimiento del led rotante
		// representado por el campo direction de la variable RL
		RL.direction = !RL.direction;
 c100be0:	e59f317c 	ldr	r3, [pc, #380]	; c100d64 <loop+0x1b8>
 c100be4:	e593300c 	ldr	r3, [r3, #12]
 c100be8:	e3530000 	cmp	r3, #0
 c100bec:	13a02000 	movne	r2, #0
 c100bf0:	03a02001 	moveq	r2, #1
 c100bf4:	e59f3168 	ldr	r3, [pc, #360]	; c100d64 <loop+0x1b8>
 c100bf8:	e583200c 	str	r2, [r3, #12]
	}

	if (buttons & BUT2) {
 c100bfc:	e51b3010 	ldr	r3, [fp, #-16]
 c100c00:	e2033002 	and	r3, r3, #2
 c100c04:	e3530000 	cmp	r3, #0
 c100c08:	0a00001c 	beq	c100c80 <loop+0xd4>
		// COMPLETAR: utilizando la interfaz para los leds definida en leds.h
		// Incrementar contador de pulsaciones. Si es par, conmUtar led1. Si es impar, conmutar el led2.

		contador_pulsaciones++;
 c100c0c:	e59f3154 	ldr	r3, [pc, #340]	; c100d68 <loop+0x1bc>
 c100c10:	e5933000 	ldr	r3, [r3]
 c100c14:	e2832001 	add	r2, r3, #1
 c100c18:	e59f3148 	ldr	r3, [pc, #328]	; c100d68 <loop+0x1bc>
 c100c1c:	e5832000 	str	r2, [r3]

		if(contador_pulsaciones & 1)
 c100c20:	e59f3140 	ldr	r3, [pc, #320]	; c100d68 <loop+0x1bc>
 c100c24:	e5933000 	ldr	r3, [r3]
 c100c28:	e2033001 	and	r3, r3, #1
 c100c2c:	e20330ff 	and	r3, r3, #255	; 0xff
 c100c30:	e3530000 	cmp	r3, #0
 c100c34:	0a000001 	beq	c100c40 <loop+0x94>
			//impar
			led2_switch();
 c100c38:	ebffff79 	bl	c100a24 <led2_switch>
 c100c3c:	ea000000 	b	c100c44 <loop+0x98>
		else
			//par
			led1_switch();
 c100c40:	ebffff67 	bl	c1009e4 <led1_switch>
		// Tambi√©n hay que conmutar el estado de movimiento del led rotante
		// representado por el campo moving de la variable RL, y en caso de
		// ponerlo en marcha debemos reiniciar el campo iter al valor del campo
		// speed.

		RL.moving = !RL.moving;
 c100c44:	e59f3118 	ldr	r3, [pc, #280]	; c100d64 <loop+0x1b8>
 c100c48:	e5933000 	ldr	r3, [r3]
 c100c4c:	e3530000 	cmp	r3, #0
 c100c50:	13a02000 	movne	r2, #0
 c100c54:	03a02001 	moveq	r2, #1
 c100c58:	e59f3104 	ldr	r3, [pc, #260]	; c100d64 <loop+0x1b8>
 c100c5c:	e5832000 	str	r2, [r3]
		if(RL.moving)
 c100c60:	e59f30fc 	ldr	r3, [pc, #252]	; c100d64 <loop+0x1b8>
 c100c64:	e5933000 	ldr	r3, [r3]
 c100c68:	e3530000 	cmp	r3, #0
 c100c6c:	0a000003 	beq	c100c80 <loop+0xd4>
			RL.iter = RL.speed;
 c100c70:	e59f30ec 	ldr	r3, [pc, #236]	; c100d64 <loop+0x1b8>
 c100c74:	e5932004 	ldr	r2, [r3, #4]
 c100c78:	e59f30e4 	ldr	r3, [pc, #228]	; c100d64 <loop+0x1b8>
 c100c7c:	e5832008 	str	r2, [r3, #8]
	}

	if (RL.moving) {
 c100c80:	e59f30dc 	ldr	r3, [pc, #220]	; c100d64 <loop+0x1b8>
 c100c84:	e5933000 	ldr	r3, [r3]
 c100c88:	e3530000 	cmp	r3, #0
 c100c8c:	0a00002d 	beq	c100d48 <loop+0x19c>
		RL.iter--;
 c100c90:	e59f30cc 	ldr	r3, [pc, #204]	; c100d64 <loop+0x1b8>
 c100c94:	e5933008 	ldr	r3, [r3, #8]
 c100c98:	e2432001 	sub	r2, r3, #1
 c100c9c:	e59f30c0 	ldr	r3, [pc, #192]	; c100d64 <loop+0x1b8>
 c100ca0:	e5832008 	str	r2, [r3, #8]
		if (RL.iter == 0) {
 c100ca4:	e59f30b8 	ldr	r3, [pc, #184]	; c100d64 <loop+0x1b8>
 c100ca8:	e5933008 	ldr	r3, [r3, #8]
 c100cac:	e3530000 	cmp	r3, #0
 c100cb0:	1a000024 	bne	c100d48 <loop+0x19c>
			//   |__|
			//   |  | 2
			// 4 |__|
			//     3

			if(RL.direction) {
 c100cb4:	e59f30a8 	ldr	r3, [pc, #168]	; c100d64 <loop+0x1b8>
 c100cb8:	e593300c 	ldr	r3, [r3, #12]
 c100cbc:	e3530000 	cmp	r3, #0
 c100cc0:	0a00000c 	beq	c100cf8 <loop+0x14c>
				//Horario
				RL.position++;
 c100cc4:	e59f3098 	ldr	r3, [pc, #152]	; c100d64 <loop+0x1b8>
 c100cc8:	e5933010 	ldr	r3, [r3, #16]
 c100ccc:	e2832001 	add	r2, r3, #1
 c100cd0:	e59f308c 	ldr	r3, [pc, #140]	; c100d64 <loop+0x1b8>
 c100cd4:	e5832010 	str	r2, [r3, #16]

				if(RL.position == 6)
 c100cd8:	e59f3084 	ldr	r3, [pc, #132]	; c100d64 <loop+0x1b8>
 c100cdc:	e5933010 	ldr	r3, [r3, #16]
 c100ce0:	e3530006 	cmp	r3, #6
 c100ce4:	1a00000f 	bne	c100d28 <loop+0x17c>
					RL.position = 0;
 c100ce8:	e59f3074 	ldr	r3, [pc, #116]	; c100d64 <loop+0x1b8>
 c100cec:	e3a02000 	mov	r2, #0
 c100cf0:	e5832010 	str	r2, [r3, #16]
 c100cf4:	ea00000b 	b	c100d28 <loop+0x17c>

			} else {
				//Antihorario
				RL.position--;
 c100cf8:	e59f3064 	ldr	r3, [pc, #100]	; c100d64 <loop+0x1b8>
 c100cfc:	e5933010 	ldr	r3, [r3, #16]
 c100d00:	e2432001 	sub	r2, r3, #1
 c100d04:	e59f3058 	ldr	r3, [pc, #88]	; c100d64 <loop+0x1b8>
 c100d08:	e5832010 	str	r2, [r3, #16]

				if(RL.position == -1)
 c100d0c:	e59f3050 	ldr	r3, [pc, #80]	; c100d64 <loop+0x1b8>
 c100d10:	e5933010 	ldr	r3, [r3, #16]
 c100d14:	e3730001 	cmn	r3, #1
 c100d18:	1a000002 	bne	c100d28 <loop+0x17c>
					RL.position = 5;
 c100d1c:	e59f3040 	ldr	r3, [pc, #64]	; c100d64 <loop+0x1b8>
 c100d20:	e3a02005 	mov	r2, #5
 c100d24:	e5832010 	str	r2, [r3, #16]
			}

			D8Led_segment(RL.position);
 c100d28:	e59f3034 	ldr	r3, [pc, #52]	; c100d64 <loop+0x1b8>
 c100d2c:	e5933010 	ldr	r3, [r3, #16]
 c100d30:	e1a00003 	mov	r0, r3
 c100d34:	ebfffcda 	bl	c1000a4 <D8Led_segment>
			RL.iter = RL.speed;
 c100d38:	e59f3024 	ldr	r3, [pc, #36]	; c100d64 <loop+0x1b8>
 c100d3c:	e5932004 	ldr	r2, [r3, #4]
 c100d40:	e59f301c 	ldr	r3, [pc, #28]	; c100d64 <loop+0x1b8>
 c100d44:	e5832008 	str	r2, [r3, #8]
		}
	}

	Delay(2000); // espera de 200ms para que el bucle se repita 5 veces por segundo
 c100d48:	e3a00e7d 	mov	r0, #2000	; 0x7d0
 c100d4c:	eb00000c 	bl	c100d84 <Delay>
	return 0;
 c100d50:	e3a03000 	mov	r3, #0
}
 c100d54:	e1a00003 	mov	r0, r3
 c100d58:	e24bd00c 	sub	sp, fp, #12
 c100d5c:	e89d6800 	ldm	sp, {fp, sp, lr}
 c100d60:	e12fff1e 	bx	lr
 c100d64:	0c100060 	.word	0x0c100060
 c100d68:	0c10007c 	.word	0x0c10007c

0c100d6c <main>:


int main(void)
{
 c100d6c:	e1a0c00d 	mov	ip, sp
 c100d70:	e92dd800 	push	{fp, ip, lr, pc}
 c100d74:	e24cb004 	sub	fp, ip, #4
	setup();
 c100d78:	ebffff6e 	bl	c100b38 <setup>

	while (1) {
		loop();
 c100d7c:	ebffff8a 	bl	c100bac <loop>
	}
 c100d80:	eafffffd 	b	c100d7c <main+0x10>

0c100d84 <Delay>:

void Delay(int time)
// time=0: adjust the Delay function by WatchDog timer.//
// time>0: the number of loop time//
// 100us resolution.//
{
 c100d84:	e1a0c00d 	mov	ip, sp
 c100d88:	e92dd800 	push	{fp, ip, lr, pc}
 c100d8c:	e24cb004 	sub	fp, ip, #4
 c100d90:	e24dd010 	sub	sp, sp, #16
 c100d94:	e50b0018 	str	r0, [fp, #-24]	; 0xffffffe8
	int i,adjust=0;
 c100d98:	e3a03000 	mov	r3, #0
 c100d9c:	e50b3014 	str	r3, [fp, #-20]	; 0xffffffec
	if(time==0)
 c100da0:	e51b3018 	ldr	r3, [fp, #-24]	; 0xffffffe8
 c100da4:	e3530000 	cmp	r3, #0
 c100da8:	1a000021 	bne	c100e34 <Delay+0xb0>
	{
		time=200;
 c100dac:	e3a030c8 	mov	r3, #200	; 0xc8
 c100db0:	e50b3018 	str	r3, [fp, #-24]	; 0xffffffe8
		adjust=1;
 c100db4:	e3a03001 	mov	r3, #1
 c100db8:	e50b3014 	str	r3, [fp, #-20]	; 0xffffffec
		delayLoopCount=400;
 c100dbc:	e59f30d8 	ldr	r3, [pc, #216]	; c100e9c <Delay+0x118>
 c100dc0:	e3a02e19 	mov	r2, #400	; 0x190
 c100dc4:	e5832000 	str	r2, [r3]
		rWTCON=((MCLK/1000000-1)<<8)|(2<<3);	// 1M/64,Watch-dog,nRESET,interrupt disable//
 c100dc8:	e59f30d0 	ldr	r3, [pc, #208]	; c100ea0 <Delay+0x11c>
 c100dcc:	e59f20d0 	ldr	r2, [pc, #208]	; c100ea4 <Delay+0x120>
 c100dd0:	e5832000 	str	r2, [r3]
		rWTDAT=0xffff;
 c100dd4:	e59f30cc 	ldr	r3, [pc, #204]	; c100ea8 <Delay+0x124>
 c100dd8:	e59f20cc 	ldr	r2, [pc, #204]	; c100eac <Delay+0x128>
 c100ddc:	e5832000 	str	r2, [r3]
		rWTCNT=0xffff;
 c100de0:	e59f30c8 	ldr	r3, [pc, #200]	; c100eb0 <Delay+0x12c>
 c100de4:	e59f20c0 	ldr	r2, [pc, #192]	; c100eac <Delay+0x128>
 c100de8:	e5832000 	str	r2, [r3]
		rWTCON=((MCLK/1000000-1)<<8)|(2<<3)|(1<<5); // 1M/64,Watch-dog enable,nRESET,interrupt disable //
 c100dec:	e59f30ac 	ldr	r3, [pc, #172]	; c100ea0 <Delay+0x11c>
 c100df0:	e59f20bc 	ldr	r2, [pc, #188]	; c100eb4 <Delay+0x130>
 c100df4:	e5832000 	str	r2, [r3]
	}
	for(;time>0;time--)
 c100df8:	ea00000d 	b	c100e34 <Delay+0xb0>
		for(i=0;i<delayLoopCount;i++);
 c100dfc:	e3a03000 	mov	r3, #0
 c100e00:	e50b3010 	str	r3, [fp, #-16]
 c100e04:	ea000002 	b	c100e14 <Delay+0x90>
 c100e08:	e51b3010 	ldr	r3, [fp, #-16]
 c100e0c:	e2833001 	add	r3, r3, #1
 c100e10:	e50b3010 	str	r3, [fp, #-16]
 c100e14:	e59f3080 	ldr	r3, [pc, #128]	; c100e9c <Delay+0x118>
 c100e18:	e5933000 	ldr	r3, [r3]
 c100e1c:	e51b2010 	ldr	r2, [fp, #-16]
 c100e20:	e1520003 	cmp	r2, r3
 c100e24:	bafffff7 	blt	c100e08 <Delay+0x84>
		rWTCON=((MCLK/1000000-1)<<8)|(2<<3);	// 1M/64,Watch-dog,nRESET,interrupt disable//
		rWTDAT=0xffff;
		rWTCNT=0xffff;
		rWTCON=((MCLK/1000000-1)<<8)|(2<<3)|(1<<5); // 1M/64,Watch-dog enable,nRESET,interrupt disable //
	}
	for(;time>0;time--)
 c100e28:	e51b3018 	ldr	r3, [fp, #-24]	; 0xffffffe8
 c100e2c:	e2433001 	sub	r3, r3, #1
 c100e30:	e50b3018 	str	r3, [fp, #-24]	; 0xffffffe8
 c100e34:	e51b3018 	ldr	r3, [fp, #-24]	; 0xffffffe8
 c100e38:	e3530000 	cmp	r3, #0
 c100e3c:	caffffee 	bgt	c100dfc <Delay+0x78>
		for(i=0;i<delayLoopCount;i++);
	if(adjust==1)
 c100e40:	e51b3014 	ldr	r3, [fp, #-20]	; 0xffffffec
 c100e44:	e3530001 	cmp	r3, #1
 c100e48:	1a000010 	bne	c100e90 <Delay+0x10c>
	{
		rWTCON=((MCLK/1000000-1)<<8)|(2<<3);
 c100e4c:	e59f304c 	ldr	r3, [pc, #76]	; c100ea0 <Delay+0x11c>
 c100e50:	e59f204c 	ldr	r2, [pc, #76]	; c100ea4 <Delay+0x120>
 c100e54:	e5832000 	str	r2, [r3]
		i=0xffff-rWTCNT;   //  1count/16us?????????//
 c100e58:	e59f3050 	ldr	r3, [pc, #80]	; c100eb0 <Delay+0x12c>
 c100e5c:	e5933000 	ldr	r3, [r3]
 c100e60:	e2633cff 	rsb	r3, r3, #65280	; 0xff00
 c100e64:	e28330ff 	add	r3, r3, #255	; 0xff
 c100e68:	e50b3010 	str	r3, [fp, #-16]
		delayLoopCount=8000000/(i*64);	//400*100/(i*64/200)   //
 c100e6c:	e51b3010 	ldr	r3, [fp, #-16]
 c100e70:	e1a03303 	lsl	r3, r3, #6
 c100e74:	e59f003c 	ldr	r0, [pc, #60]	; c100eb8 <Delay+0x134>
 c100e78:	e1a01003 	mov	r1, r3
 c100e7c:	eb00000e 	bl	c100ebc <__aeabi_idiv>
 c100e80:	e1a03000 	mov	r3, r0
 c100e84:	e1a02003 	mov	r2, r3
 c100e88:	e59f300c 	ldr	r3, [pc, #12]	; c100e9c <Delay+0x118>
 c100e8c:	e5832000 	str	r2, [r3]
	}
}
 c100e90:	e24bd00c 	sub	sp, fp, #12
 c100e94:	e89d6800 	ldm	sp, {fp, sp, lr}
 c100e98:	e12fff1e 	bx	lr
 c100e9c:	0c100074 	.word	0x0c100074
 c100ea0:	01d30000 	.word	0x01d30000
 c100ea4:	00003f10 	.word	0x00003f10
 c100ea8:	01d30004 	.word	0x01d30004
 c100eac:	0000ffff 	.word	0x0000ffff
 c100eb0:	01d30008 	.word	0x01d30008
 c100eb4:	00003f30 	.word	0x00003f30
 c100eb8:	007a1200 	.word	0x007a1200

0c100ebc <__aeabi_idiv>:
 c100ebc:	e3510000 	cmp	r1, #0
 c100ec0:	0a000043 	beq	c100fd4 <.divsi3_skip_div0_test+0x110>

0c100ec4 <.divsi3_skip_div0_test>:
 c100ec4:	e020c001 	eor	ip, r0, r1
 c100ec8:	42611000 	rsbmi	r1, r1, #0
 c100ecc:	e2512001 	subs	r2, r1, #1
 c100ed0:	0a000027 	beq	c100f74 <.divsi3_skip_div0_test+0xb0>
 c100ed4:	e1b03000 	movs	r3, r0
 c100ed8:	42603000 	rsbmi	r3, r0, #0
 c100edc:	e1530001 	cmp	r3, r1
 c100ee0:	9a000026 	bls	c100f80 <.divsi3_skip_div0_test+0xbc>
 c100ee4:	e1110002 	tst	r1, r2
 c100ee8:	0a000028 	beq	c100f90 <.divsi3_skip_div0_test+0xcc>
 c100eec:	e311020e 	tst	r1, #-536870912	; 0xe0000000
 c100ef0:	01a01181 	lsleq	r1, r1, #3
 c100ef4:	03a02008 	moveq	r2, #8
 c100ef8:	13a02001 	movne	r2, #1
 c100efc:	e3510201 	cmp	r1, #268435456	; 0x10000000
 c100f00:	31510003 	cmpcc	r1, r3
 c100f04:	31a01201 	lslcc	r1, r1, #4
 c100f08:	31a02202 	lslcc	r2, r2, #4
 c100f0c:	3afffffa 	bcc	c100efc <.divsi3_skip_div0_test+0x38>
 c100f10:	e3510102 	cmp	r1, #-2147483648	; 0x80000000
 c100f14:	31510003 	cmpcc	r1, r3
 c100f18:	31a01081 	lslcc	r1, r1, #1
 c100f1c:	31a02082 	lslcc	r2, r2, #1
 c100f20:	3afffffa 	bcc	c100f10 <.divsi3_skip_div0_test+0x4c>
 c100f24:	e3a00000 	mov	r0, #0
 c100f28:	e1530001 	cmp	r3, r1
 c100f2c:	20433001 	subcs	r3, r3, r1
 c100f30:	21800002 	orrcs	r0, r0, r2
 c100f34:	e15300a1 	cmp	r3, r1, lsr #1
 c100f38:	204330a1 	subcs	r3, r3, r1, lsr #1
 c100f3c:	218000a2 	orrcs	r0, r0, r2, lsr #1
 c100f40:	e1530121 	cmp	r3, r1, lsr #2
 c100f44:	20433121 	subcs	r3, r3, r1, lsr #2
 c100f48:	21800122 	orrcs	r0, r0, r2, lsr #2
 c100f4c:	e15301a1 	cmp	r3, r1, lsr #3
 c100f50:	204331a1 	subcs	r3, r3, r1, lsr #3
 c100f54:	218001a2 	orrcs	r0, r0, r2, lsr #3
 c100f58:	e3530000 	cmp	r3, #0
 c100f5c:	11b02222 	lsrsne	r2, r2, #4
 c100f60:	11a01221 	lsrne	r1, r1, #4
 c100f64:	1affffef 	bne	c100f28 <.divsi3_skip_div0_test+0x64>
 c100f68:	e35c0000 	cmp	ip, #0
 c100f6c:	42600000 	rsbmi	r0, r0, #0
 c100f70:	e12fff1e 	bx	lr
 c100f74:	e13c0000 	teq	ip, r0
 c100f78:	42600000 	rsbmi	r0, r0, #0
 c100f7c:	e12fff1e 	bx	lr
 c100f80:	33a00000 	movcc	r0, #0
 c100f84:	01a00fcc 	asreq	r0, ip, #31
 c100f88:	03800001 	orreq	r0, r0, #1
 c100f8c:	e12fff1e 	bx	lr
 c100f90:	e3510801 	cmp	r1, #65536	; 0x10000
 c100f94:	21a01821 	lsrcs	r1, r1, #16
 c100f98:	23a02010 	movcs	r2, #16
 c100f9c:	33a02000 	movcc	r2, #0
 c100fa0:	e3510c01 	cmp	r1, #256	; 0x100
 c100fa4:	21a01421 	lsrcs	r1, r1, #8
 c100fa8:	22822008 	addcs	r2, r2, #8
 c100fac:	e3510010 	cmp	r1, #16
 c100fb0:	21a01221 	lsrcs	r1, r1, #4
 c100fb4:	22822004 	addcs	r2, r2, #4
 c100fb8:	e3510004 	cmp	r1, #4
 c100fbc:	82822003 	addhi	r2, r2, #3
 c100fc0:	908220a1 	addls	r2, r2, r1, lsr #1
 c100fc4:	e35c0000 	cmp	ip, #0
 c100fc8:	e1a00233 	lsr	r0, r3, r2
 c100fcc:	42600000 	rsbmi	r0, r0, #0
 c100fd0:	e12fff1e 	bx	lr
 c100fd4:	e3500000 	cmp	r0, #0
 c100fd8:	c3e00102 	mvngt	r0, #-2147483648	; 0x80000000
 c100fdc:	b3a00102 	movlt	r0, #-2147483648	; 0x80000000
 c100fe0:	ea000007 	b	c101004 <__aeabi_idiv0>

0c100fe4 <__aeabi_idivmod>:
 c100fe4:	e3510000 	cmp	r1, #0
 c100fe8:	0afffff9 	beq	c100fd4 <.divsi3_skip_div0_test+0x110>
 c100fec:	e92d4003 	push	{r0, r1, lr}
 c100ff0:	ebffffb3 	bl	c100ec4 <.divsi3_skip_div0_test>
 c100ff4:	e8bd4006 	pop	{r1, r2, lr}
 c100ff8:	e0030092 	mul	r3, r2, r0
 c100ffc:	e0411003 	sub	r1, r1, r3
 c101000:	e12fff1e 	bx	lr

0c101004 <__aeabi_idiv0>:
 c101004:	e12fff1e 	bx	lr
