   1              		.cpu arm7tdmi
   2              		.fpu softvfp
   3              		.eabi_attribute 20, 1
   4              		.eabi_attribute 21, 1
   5              		.eabi_attribute 23, 3
   6              		.eabi_attribute 24, 1
   7              		.eabi_attribute 25, 1
   8              		.eabi_attribute 26, 1
   9              		.eabi_attribute 30, 6
  10              		.eabi_attribute 18, 4
  11              		.file	"dma.c"
  21              	.Ltext0:
  22              		.file 1 "../dma.c"
 1777              		.align	2
 1778              		.global	isr_BDMA0_dummy
 1780              	isr_BDMA0_dummy:
 1781              	.LFB0:
   1:../dma.c      **** #include "44b.h"
   2:../dma.c      **** #include "dma.h"
   3:../dma.c      **** #include "intcontroller.h"
   4:../dma.c      **** 
   5:../dma.c      **** void isr_BDMA0_dummy( void )  __attribute__ ((interrupt ("IRQ")));
   6:../dma.c      **** 
   7:../dma.c      **** void isr_BDMA0_dummy( void ) {
 1782              		.loc 1 7 0
 1783              		.cfi_startproc
 1784              		@ Interrupt Service Routine.
 1785              		@ args = 0, pretend = 0, frame = 0
 1786              		@ frame_needed = 1, uses_anonymous_args = 0
 1787 0000 04C02DE5 		str	ip, [sp, #-4]!
 1788 0004 0DC0A0E1 		mov	ip, sp
 1789              	.LCFI0:
 1790              		.cfi_def_cfa_register 12
 1791 0008 0FD82DE9 		stmfd	sp!, {r0, r1, r2, r3, fp, ip, lr, pc}
 1792 000c 04B04CE2 		sub	fp, ip, #4
 1793              		.cfi_offset 14, -8
 1794              		.cfi_offset 13, -12
 1795              		.cfi_offset 11, -16
 1796              		.cfi_offset 3, -20
 1797              		.cfi_offset 2, -24
 1798              		.cfi_offset 1, -28
 1799              		.cfi_offset 0, -32
 1800              	.LCFI1:
 1801              		.cfi_def_cfa 11, 4
   8:../dma.c      **** 	ic_cleanflag(INT_BDMA0);
 1802              		.loc 1 8 0
 1803 0010 1100A0E3 		mov	r0, #17
 1804 0014 FEFFFFEB 		bl	ic_cleanflag
   9:../dma.c      **** }
 1805              		.loc 1 9 0
 1806 0018 1CD04BE2 		sub	sp, fp, #28
 1807 001c 0F689DE8 		ldmfd	sp, {r0, r1, r2, r3, fp, sp, lr}
 1808 0020 04C09DE4 		ldmfd	sp!, {ip}
 1809 0024 04F05EE2 		subs	pc, lr, #4
 1810              		.cfi_endproc
 1811              	.LFE0:
 1813              		.align	2
 1814              		.global	bdma0_init
 1816              	bdma0_init:
 1817              	.LFB1:
  10:../dma.c      **** 
  11:../dma.c      **** void bdma0_init( void )
  12:../dma.c      **** {
 1818              		.loc 1 12 0
 1819              		.cfi_startproc
 1820              		@ Function supports interworking.
 1821              		@ args = 0, pretend = 0, frame = 0
 1822              		@ frame_needed = 1, uses_anonymous_args = 0
 1823 0028 0DC0A0E1 		mov	ip, sp
 1824              	.LCFI2:
 1825              		.cfi_def_cfa_register 12
 1826 002c 00D82DE9 		stmfd	sp!, {fp, ip, lr, pc}
 1827 0030 04B04CE2 		sub	fp, ip, #4
 1828              		.cfi_offset 14, -8
 1829              		.cfi_offset 13, -12
 1830              		.cfi_offset 11, -16
 1831              	.LCFI3:
 1832              		.cfi_def_cfa 11, 4
  13:../dma.c      ****     rBDCON0  = 0;
 1833              		.loc 1 13 0
 1834 0034 7E37A0E3 		mov	r3, #33030144
 1835 0038 0020A0E3 		mov	r2, #0
 1836 003c 002083E5 		str	r2, [r3, #0]
  14:../dma.c      ****     rBDISRC0 = 0;
 1837              		.loc 1 14 0
 1838 0040 34309FE5 		ldr	r3, .L3
 1839 0044 0020A0E3 		mov	r2, #0
 1840 0048 002083E5 		str	r2, [r3, #0]
  15:../dma.c      ****     rBDIDES0 = 0;
 1841              		.loc 1 15 0
 1842 004c 2C309FE5 		ldr	r3, .L3+4
 1843 0050 0020A0E3 		mov	r2, #0
 1844 0054 002083E5 		str	r2, [r3, #0]
  16:../dma.c      ****     rBDICNT0 = 0;
 1845              		.loc 1 16 0
 1846 0058 24309FE5 		ldr	r3, .L3+8
 1847 005c 0020A0E3 		mov	r2, #0
 1848 0060 002083E5 		str	r2, [r3, #0]
  17:../dma.c      **** 
  18:../dma.c      ****     ic_conf_line(INT_BDMA0, IRQ);
 1849              		.loc 1 18 0
 1850 0064 1100A0E3 		mov	r0, #17
 1851 0068 0010A0E3 		mov	r1, #0
 1852 006c FEFFFFEB 		bl	ic_conf_line
  19:../dma.c      **** }
 1853              		.loc 1 19 0
 1854 0070 0CD04BE2 		sub	sp, fp, #12
 1855 0074 00689DE8 		ldmfd	sp, {fp, sp, lr}
 1856 0078 1EFF2FE1 		bx	lr
 1857              	.L4:
 1858              		.align	2
 1859              	.L3:
 1860 007c 0400F801 		.word	33030148
 1861 0080 0800F801 		.word	33030152
 1862 0084 0C00F801 		.word	33030156
 1863              		.cfi_endproc
 1864              	.LFE1:
 1866              		.align	2
 1867              		.global	bdma0_open
 1869              	bdma0_open:
 1870              	.LFB2:
  20:../dma.c      **** 
  21:../dma.c      **** void bdma0_open( void (*isr)(void) )
  22:../dma.c      **** {
 1871              		.loc 1 22 0
 1872              		.cfi_startproc
 1873              		@ Function supports interworking.
 1874              		@ args = 0, pretend = 0, frame = 8
 1875              		@ frame_needed = 1, uses_anonymous_args = 0
 1876 0088 0DC0A0E1 		mov	ip, sp
 1877              	.LCFI4:
 1878              		.cfi_def_cfa_register 12
 1879 008c 00D82DE9 		stmfd	sp!, {fp, ip, lr, pc}
 1880 0090 04B04CE2 		sub	fp, ip, #4
 1881              		.cfi_offset 14, -8
 1882              		.cfi_offset 13, -12
 1883              		.cfi_offset 11, -16
 1884              	.LCFI5:
 1885              		.cfi_def_cfa 11, 4
 1886 0094 08D04DE2 		sub	sp, sp, #8
 1887 0098 10000BE5 		str	r0, [fp, #-16]
  23:../dma.c      ****     pISR_BDMA0 = (unsigned) isr;
 1888              		.loc 1 23 0
 1889 009c 20309FE5 		ldr	r3, .L6
 1890 00a0 10201BE5 		ldr	r2, [fp, #-16]
 1891 00a4 002083E5 		str	r2, [r3, #0]
  24:../dma.c      ****     ic_cleanflag(INT_BDMA0);
 1892              		.loc 1 24 0
 1893 00a8 1100A0E3 		mov	r0, #17
 1894 00ac FEFFFFEB 		bl	ic_cleanflag
  25:../dma.c      ****     ic_enable(INT_BDMA0);
 1895              		.loc 1 25 0
 1896 00b0 1100A0E3 		mov	r0, #17
 1897 00b4 FEFFFFEB 		bl	ic_enable
  26:../dma.c      **** }
 1898              		.loc 1 26 0
 1899 00b8 0CD04BE2 		sub	sp, fp, #12
 1900 00bc 00689DE8 		ldmfd	sp, {fp, sp, lr}
 1901 00c0 1EFF2FE1 		bx	lr
 1902              	.L7:
 1903              		.align	2
 1904              	.L6:
 1905 00c4 64FF7F0C 		.word	209715044
 1906              		.cfi_endproc
 1907              	.LFE2:
 1909              		.align	2
 1910              		.global	bdma0_close
 1912              	bdma0_close:
 1913              	.LFB3:
  27:../dma.c      **** 
  28:../dma.c      **** void bdma0_close( void )
  29:../dma.c      **** {
 1914              		.loc 1 29 0
 1915              		.cfi_startproc
 1916              		@ Function supports interworking.
 1917              		@ args = 0, pretend = 0, frame = 0
 1918              		@ frame_needed = 1, uses_anonymous_args = 0
 1919 00c8 0DC0A0E1 		mov	ip, sp
 1920              	.LCFI6:
 1921              		.cfi_def_cfa_register 12
 1922 00cc 00D82DE9 		stmfd	sp!, {fp, ip, lr, pc}
 1923 00d0 04B04CE2 		sub	fp, ip, #4
 1924              		.cfi_offset 14, -8
 1925              		.cfi_offset 13, -12
 1926              		.cfi_offset 11, -16
 1927              	.LCFI7:
 1928              		.cfi_def_cfa 11, 4
  30:../dma.c      ****     ic_disable(INT_BDMA0);
 1929              		.loc 1 30 0
 1930 00d4 1100A0E3 		mov	r0, #17
 1931 00d8 FEFFFFEB 		bl	ic_disable
  31:../dma.c      ****     pISR_BDMA0 = (unsigned) isr_BDMA0_dummy;
 1932              		.loc 1 31 0
 1933 00dc 10309FE5 		ldr	r3, .L9
 1934 00e0 10209FE5 		ldr	r2, .L9+4
 1935 00e4 002083E5 		str	r2, [r3, #0]
  32:../dma.c      **** }
 1936              		.loc 1 32 0
 1937 00e8 0CD04BE2 		sub	sp, fp, #12
 1938 00ec 00689DE8 		ldmfd	sp, {fp, sp, lr}
 1939 00f0 1EFF2FE1 		bx	lr
 1940              	.L10:
 1941              		.align	2
 1942              	.L9:
 1943 00f4 64FF7F0C 		.word	209715044
 1944 00f8 00000000 		.word	isr_BDMA0_dummy
 1945              		.cfi_endproc
 1946              	.LFE3:
 1948              	.Letext0:
DEFINED SYMBOLS
                            *ABS*:00000000 dma.c
C:\Users\Pedro\AppData\Local\Temp\cci30M1p.s:1777   .text:00000000 $a
C:\Users\Pedro\AppData\Local\Temp\cci30M1p.s:1780   .text:00000000 isr_BDMA0_dummy
C:\Users\Pedro\AppData\Local\Temp\cci30M1p.s:1816   .text:00000028 bdma0_init
C:\Users\Pedro\AppData\Local\Temp\cci30M1p.s:1860   .text:0000007c $d
C:\Users\Pedro\AppData\Local\Temp\cci30M1p.s:1866   .text:00000088 $a
C:\Users\Pedro\AppData\Local\Temp\cci30M1p.s:1869   .text:00000088 bdma0_open
C:\Users\Pedro\AppData\Local\Temp\cci30M1p.s:1905   .text:000000c4 $d
C:\Users\Pedro\AppData\Local\Temp\cci30M1p.s:1909   .text:000000c8 $a
C:\Users\Pedro\AppData\Local\Temp\cci30M1p.s:1912   .text:000000c8 bdma0_close
C:\Users\Pedro\AppData\Local\Temp\cci30M1p.s:1943   .text:000000f4 $d
                     .debug_frame:00000010 $d

UNDEFINED SYMBOLS
ic_cleanflag
ic_conf_line
ic_enable
ic_disable
