   1              		.cpu arm7tdmi
   2              		.fpu softvfp
   3              		.eabi_attribute 20, 1
   4              		.eabi_attribute 21, 1
   5              		.eabi_attribute 23, 3
   6              		.eabi_attribute 24, 1
   7              		.eabi_attribute 25, 1
   8              		.eabi_attribute 26, 1
   9              		.eabi_attribute 30, 6
  10              		.eabi_attribute 18, 4
  11              		.file	"iic.c"
  21              	.Ltext0:
  22              		.file 1 "../iic.c"
 1774              		.align	2
 1775              		.global	iic_init
 1777              	iic_init:
 1778              	.LFB0:
   1:../iic.c      **** #include "44b.h"
   2:../iic.c      **** #include "iic.h"
   3:../iic.c      **** #include "utils.h"
   4:../iic.c      **** 
   5:../iic.c      **** void iic_init( void )
   6:../iic.c      **** {
 1779              		.loc 1 6 0
 1780              		.cfi_startproc
 1781              		@ Function supports interworking.
 1782              		@ args = 0, pretend = 0, frame = 0
 1783              		@ frame_needed = 1, uses_anonymous_args = 0
 1784 0000 0DC0A0E1 		mov	ip, sp
 1785              	.LCFI0:
 1786              		.cfi_def_cfa_register 12
 1787 0004 00D82DE9 		stmfd	sp!, {fp, ip, lr, pc}
 1788 0008 04B04CE2 		sub	fp, ip, #4
 1789              		.cfi_offset 14, -8
 1790              		.cfi_offset 13, -12
 1791              		.cfi_offset 11, -16
 1792              	.LCFI1:
 1793              		.cfi_def_cfa 11, 4
   7:../iic.c      **** 	//Slave Address: Undefined, always going to be master
   8:../iic.c      **** 	rIICADD = 0;
 1794              		.loc 1 8 0
 1795 000c 28309FE5 		ldr	r3, .L2
 1796 0010 0020A0E3 		mov	r2, #0
 1797 0014 002083E5 		str	r2, [r3, #0]
   9:../iic.c      **** 
  10:../iic.c      **** 	//*250kHz
  11:../iic.c      **** 	//IICCON[7]	  = 1   Generate ACK
  12:../iic.c      **** 	//IICCON[6]   = 0   IICCLK = MCLK / 16
  13:../iic.c      **** 	//IICCON[5]   = 1	Enable RX/TX Interrupts
  14:../iic.c      **** 	//IICCON[3:0] = 15  TxCLK = IICCLK / (15+1) = 64 MHz / 256
  15:../iic.c      **** 	rIICCON = 0xAF;
 1798              		.loc 1 15 0
 1799 0018 20309FE5 		ldr	r3, .L2+4
 1800 001c AF20A0E3 		mov	r2, #175
 1801 0020 002083E5 		str	r2, [r3, #0]
  16:../iic.c      **** 
  17:../iic.c      **** 	//*Transfer mode: set per transfer
  18:../iic.c      **** 	//ICCSTAT[4] = 1 read/write enable
  19:../iic.c      **** 	rIICSTAT = 0x10;
 1802              		.loc 1 19 0
 1803 0024 18309FE5 		ldr	r3, .L2+8
 1804 0028 1020A0E3 		mov	r2, #16
 1805 002c 002083E5 		str	r2, [r3, #0]
  20:../iic.c      **** }
 1806              		.loc 1 20 0
 1807 0030 0CD04BE2 		sub	sp, fp, #12
 1808 0034 00689DE8 		ldmfd	sp, {fp, sp, lr}
 1809 0038 1EFF2FE1 		bx	lr
 1810              	.L3:
 1811              		.align	2
 1812              	.L2:
 1813 003c 0800D601 		.word	30801928
 1814 0040 0000D601 		.word	30801920
 1815 0044 0400D601 		.word	30801924
 1816              		.cfi_endproc
 1817              	.LFE0:
 1819              		.align	2
 1820              		.global	iic_start
 1822              	iic_start:
 1823              	.LFB1:
  21:../iic.c      **** 
  22:../iic.c      **** void iic_start(enum IIC_Mode_t mode, uint8 addr)
  23:../iic.c      **** {
 1824              		.loc 1 23 0
 1825              		.cfi_startproc
 1826              		@ Function supports interworking.
 1827              		@ args = 0, pretend = 0, frame = 8
 1828              		@ frame_needed = 1, uses_anonymous_args = 0
 1829 0048 0DC0A0E1 		mov	ip, sp
 1830              	.LCFI2:
 1831              		.cfi_def_cfa_register 12
 1832 004c 00D82DE9 		stmfd	sp!, {fp, ip, lr, pc}
 1833 0050 04B04CE2 		sub	fp, ip, #4
 1834              		.cfi_offset 14, -8
 1835              		.cfi_offset 13, -12
 1836              		.cfi_offset 11, -16
 1837              	.LCFI3:
 1838              		.cfi_def_cfa 11, 4
 1839 0054 08D04DE2 		sub	sp, sp, #8
 1840 0058 0020A0E1 		mov	r2, r0
 1841 005c 0130A0E1 		mov	r3, r1
 1842 0060 0D204BE5 		strb	r2, [fp, #-13]
 1843 0064 0E304BE5 		strb	r3, [fp, #-14]
  24:../iic.c      **** 	//Address
  25:../iic.c      ****     rIICDS = addr;
 1844              		.loc 1 25 0
 1845 0068 50309FE5 		ldr	r3, .L6
 1846 006c 0E205BE5 		ldrb	r2, [fp, #-14]	@ zero_extendqisi2
 1847 0070 002083E5 		str	r2, [r3, #0]
  26:../iic.c      **** 
  27:../iic.c      ****     //Set mode, send START signal, Serial Output enable
  28:../iic.c      ****     rIICSTAT = mode << 6 | 0b11 << 4;
 1848              		.loc 1 28 0
 1849 0074 48309FE5 		ldr	r3, .L6+4
 1850 0078 0D205BE5 		ldrb	r2, [fp, #-13]	@ zero_extendqisi2
 1851 007c 0223A0E1 		mov	r2, r2, asl #6
 1852 0080 302082E3 		orr	r2, r2, #48
 1853 0084 002083E5 		str	r2, [r3, #0]
  29:../iic.c      **** 
  30:../iic.c      ****     //rIICCON[4] = 0  start transmission
  31:../iic.c      ****     rIICCON &= ~(1 << 4);
 1854              		.loc 1 31 0
 1855 0088 38309FE5 		ldr	r3, .L6+8
 1856 008c 34209FE5 		ldr	r2, .L6+8
 1857 0090 002092E5 		ldr	r2, [r2, #0]
 1858 0094 1020C2E3 		bic	r2, r2, #16
 1859 0098 002083E5 		str	r2, [r3, #0]
  32:../iic.c      **** 
  33:../iic.c      ****     while(!( rIICCON & (1 << 4)));
 1860              		.loc 1 33 0
 1861 009c 0000A0E1 		mov	r0, r0	@ nop
 1862              	.L5:
 1863              		.loc 1 33 0 is_stmt 0 discriminator 1
 1864 00a0 20309FE5 		ldr	r3, .L6+8
 1865 00a4 003093E5 		ldr	r3, [r3, #0]
 1866 00a8 103003E2 		and	r3, r3, #16
 1867 00ac 000053E3 		cmp	r3, #0
 1868 00b0 FAFFFF0A 		beq	.L5
  34:../iic.c      **** }
 1869              		.loc 1 34 0 is_stmt 1
 1870 00b4 0CD04BE2 		sub	sp, fp, #12
 1871 00b8 00689DE8 		ldmfd	sp, {fp, sp, lr}
 1872 00bc 1EFF2FE1 		bx	lr
 1873              	.L7:
 1874              		.align	2
 1875              	.L6:
 1876 00c0 0C00D601 		.word	30801932
 1877 00c4 0400D601 		.word	30801924
 1878 00c8 0000D601 		.word	30801920
 1879              		.cfi_endproc
 1880              	.LFE1:
 1882              		.align	2
 1883              		.global	iic_putByte
 1885              	iic_putByte:
 1886              	.LFB2:
  35:../iic.c      **** 
  36:../iic.c      **** 
  37:../iic.c      **** void iic_putByte( uint8 byte )
  38:../iic.c      **** {
 1887              		.loc 1 38 0
 1888              		.cfi_startproc
 1889              		@ Function supports interworking.
 1890              		@ args = 0, pretend = 0, frame = 8
 1891              		@ frame_needed = 1, uses_anonymous_args = 0
 1892 00cc 0DC0A0E1 		mov	ip, sp
 1893              	.LCFI4:
 1894              		.cfi_def_cfa_register 12
 1895 00d0 00D82DE9 		stmfd	sp!, {fp, ip, lr, pc}
 1896 00d4 04B04CE2 		sub	fp, ip, #4
 1897              		.cfi_offset 14, -8
 1898              		.cfi_offset 13, -12
 1899              		.cfi_offset 11, -16
 1900              	.LCFI5:
 1901              		.cfi_def_cfa 11, 4
 1902 00d8 08D04DE2 		sub	sp, sp, #8
 1903 00dc 0030A0E1 		mov	r3, r0
 1904 00e0 0D304BE5 		strb	r3, [fp, #-13]
  39:../iic.c      ****     rIICDS   = byte;
 1905              		.loc 1 39 0
 1906 00e4 3C309FE5 		ldr	r3, .L10
 1907 00e8 0D205BE5 		ldrb	r2, [fp, #-13]	@ zero_extendqisi2
 1908 00ec 002083E5 		str	r2, [r3, #0]
  40:../iic.c      **** 
  41:../iic.c      ****     //rIICCON[4] = 0  start transmission
  42:../iic.c      ****     rIICCON &= ~(1 << 4);
 1909              		.loc 1 42 0
 1910 00f0 34309FE5 		ldr	r3, .L10+4
 1911 00f4 30209FE5 		ldr	r2, .L10+4
 1912 00f8 002092E5 		ldr	r2, [r2, #0]
 1913 00fc 1020C2E3 		bic	r2, r2, #16
 1914 0100 002083E5 		str	r2, [r3, #0]
  43:../iic.c      ****     while(!( rIICCON & (1 << 4)));
 1915              		.loc 1 43 0
 1916 0104 0000A0E1 		mov	r0, r0	@ nop
 1917              	.L9:
 1918              		.loc 1 43 0 is_stmt 0 discriminator 1
 1919 0108 1C309FE5 		ldr	r3, .L10+4
 1920 010c 003093E5 		ldr	r3, [r3, #0]
 1921 0110 103003E2 		and	r3, r3, #16
 1922 0114 000053E3 		cmp	r3, #0
 1923 0118 FAFFFF0A 		beq	.L9
  44:../iic.c      **** }
 1924              		.loc 1 44 0 is_stmt 1
 1925 011c 0CD04BE2 		sub	sp, fp, #12
 1926 0120 00689DE8 		ldmfd	sp, {fp, sp, lr}
 1927 0124 1EFF2FE1 		bx	lr
 1928              	.L11:
 1929              		.align	2
 1930              	.L10:
 1931 0128 0C00D601 		.word	30801932
 1932 012c 0000D601 		.word	30801920
 1933              		.cfi_endproc
 1934              	.LFE2:
 1936              		.align	2
 1937              		.global	iic_getByte
 1939              	iic_getByte:
 1940              	.LFB3:
  45:../iic.c      **** 
  46:../iic.c      **** uint8 iic_getByte(enum IIC_ACK_t ack)
  47:../iic.c      **** {
 1941              		.loc 1 47 0
 1942              		.cfi_startproc
 1943              		@ Function supports interworking.
 1944              		@ args = 0, pretend = 0, frame = 8
 1945              		@ frame_needed = 1, uses_anonymous_args = 0
 1946 0130 0DC0A0E1 		mov	ip, sp
 1947              	.LCFI6:
 1948              		.cfi_def_cfa_register 12
 1949 0134 00D82DE9 		stmfd	sp!, {fp, ip, lr, pc}
 1950 0138 04B04CE2 		sub	fp, ip, #4
 1951              		.cfi_offset 14, -8
 1952              		.cfi_offset 13, -12
 1953              		.cfi_offset 11, -16
 1954              	.LCFI7:
 1955              		.cfi_def_cfa 11, 4
 1956 013c 08D04DE2 		sub	sp, sp, #8
 1957 0140 0030A0E1 		mov	r3, r0
 1958 0144 0D304BE5 		strb	r3, [fp, #-13]
  48:../iic.c      **** 	// Setup ACK or not
  49:../iic.c      **** 	if(ack == RxACK) {
 1959              		.loc 1 49 0
 1960 0148 0D305BE5 		ldrb	r3, [fp, #-13]	@ zero_extendqisi2
 1961 014c 010053E3 		cmp	r3, #1
 1962 0150 0500001A 		bne	.L13
  50:../iic.c      **** 		//IICCON[7] = 1   Generate ACK
  51:../iic.c      **** 	    rIICCON |= 1 << 7;
 1963              		.loc 1 51 0
 1964 0154 6C309FE5 		ldr	r3, .L16
 1965 0158 68209FE5 		ldr	r2, .L16
 1966 015c 002092E5 		ldr	r2, [r2, #0]
 1967 0160 802082E3 		orr	r2, r2, #128
 1968 0164 002083E5 		str	r2, [r3, #0]
 1969 0168 040000EA 		b	.L14
 1970              	.L13:
  52:../iic.c      **** 	} else {
  53:../iic.c      **** 		//IICCON[7] = 0   Don't generate ACK
  54:../iic.c      **** 	    rIICCON &= ~(1 << 7);
 1971              		.loc 1 54 0
 1972 016c 54309FE5 		ldr	r3, .L16
 1973 0170 50209FE5 		ldr	r2, .L16
 1974 0174 002092E5 		ldr	r2, [r2, #0]
 1975 0178 8020C2E3 		bic	r2, r2, #128
 1976 017c 002083E5 		str	r2, [r3, #0]
 1977              	.L14:
  55:../iic.c      **** 	}
  56:../iic.c      **** 
  57:../iic.c      ****     //rIICCON[4] = 0  start transmission
  58:../iic.c      ****     rIICCON &= ~(1 << 4);
 1978              		.loc 1 58 0
 1979 0180 40309FE5 		ldr	r3, .L16
 1980 0184 3C209FE5 		ldr	r2, .L16
 1981 0188 002092E5 		ldr	r2, [r2, #0]
 1982 018c 1020C2E3 		bic	r2, r2, #16
 1983 0190 002083E5 		str	r2, [r3, #0]
  59:../iic.c      ****     while(!( rIICCON & (1 << 4)));
 1984              		.loc 1 59 0
 1985 0194 0000A0E1 		mov	r0, r0	@ nop
 1986              	.L15:
 1987              		.loc 1 59 0 is_stmt 0 discriminator 1
 1988 0198 28309FE5 		ldr	r3, .L16
 1989 019c 003093E5 		ldr	r3, [r3, #0]
 1990 01a0 103003E2 		and	r3, r3, #16
 1991 01a4 000053E3 		cmp	r3, #0
 1992 01a8 FAFFFF0A 		beq	.L15
  60:../iic.c      **** 
  61:../iic.c      ****     return rIICDS;
 1993              		.loc 1 61 0 is_stmt 1
 1994 01ac 18309FE5 		ldr	r3, .L16+4
 1995 01b0 003093E5 		ldr	r3, [r3, #0]
 1996 01b4 FF3003E2 		and	r3, r3, #255
  62:../iic.c      **** }
 1997              		.loc 1 62 0
 1998 01b8 0300A0E1 		mov	r0, r3
 1999 01bc 0CD04BE2 		sub	sp, fp, #12
 2000 01c0 00689DE8 		ldmfd	sp, {fp, sp, lr}
 2001 01c4 1EFF2FE1 		bx	lr
 2002              	.L17:
 2003              		.align	2
 2004              	.L16:
 2005 01c8 0000D601 		.word	30801920
 2006 01cc 0C00D601 		.word	30801932
 2007              		.cfi_endproc
 2008              	.LFE3:
 2010              		.align	2
 2011              		.global	iic_stop
 2013              	iic_stop:
 2014              	.LFB4:
  63:../iic.c      **** 
  64:../iic.c      **** void iic_stop( uint16 ms )
  65:../iic.c      **** {
 2015              		.loc 1 65 0
 2016              		.cfi_startproc
 2017              		@ Function supports interworking.
 2018              		@ args = 0, pretend = 0, frame = 8
 2019              		@ frame_needed = 1, uses_anonymous_args = 0
 2020 01d0 0DC0A0E1 		mov	ip, sp
 2021              	.LCFI8:
 2022              		.cfi_def_cfa_register 12
 2023 01d4 00D82DE9 		stmfd	sp!, {fp, ip, lr, pc}
 2024 01d8 04B04CE2 		sub	fp, ip, #4
 2025              		.cfi_offset 14, -8
 2026              		.cfi_offset 13, -12
 2027              		.cfi_offset 11, -16
 2028              	.LCFI9:
 2029              		.cfi_def_cfa 11, 4
 2030 01dc 08D04DE2 		sub	sp, sp, #8
 2031 01e0 0030A0E1 		mov	r3, r0
 2032 01e4 BE304BE1 		strh	r3, [fp, #-14]	@ movhi
  66:../iic.c      **** 	//Generate STOP signal (ICCSTAT[5]=0)
  67:../iic.c      ****     rIICSTAT &= ~(1 << 5);
 2033              		.loc 1 67 0
 2034 01e8 38309FE5 		ldr	r3, .L19
 2035 01ec 34209FE5 		ldr	r2, .L19
 2036 01f0 002092E5 		ldr	r2, [r2, #0]
 2037 01f4 2020C2E3 		bic	r2, r2, #32
 2038 01f8 002083E5 		str	r2, [r3, #0]
  68:../iic.c      **** 
  69:../iic.c      ****     //rIICCON[4] = 0  start transmission of STOP signal
  70:../iic.c      ****     rIICCON &= ~(1 << 4);
 2039              		.loc 1 70 0
 2040 01fc 28309FE5 		ldr	r3, .L19+4
 2041 0200 24209FE5 		ldr	r2, .L19+4
 2042 0204 002092E5 		ldr	r2, [r2, #0]
 2043 0208 1020C2E3 		bic	r2, r2, #16
 2044 020c 002083E5 		str	r2, [r3, #0]
  71:../iic.c      **** 
  72:../iic.c      ****     Delay(ms);
 2045              		.loc 1 72 0
 2046 0210 BE305BE1 		ldrh	r3, [fp, #-14]
 2047 0214 0300A0E1 		mov	r0, r3
 2048 0218 FEFFFFEB 		bl	Delay
  73:../iic.c      **** }
 2049              		.loc 1 73 0
 2050 021c 0CD04BE2 		sub	sp, fp, #12
 2051 0220 00689DE8 		ldmfd	sp, {fp, sp, lr}
 2052 0224 1EFF2FE1 		bx	lr
 2053              	.L20:
 2054              		.align	2
 2055              	.L19:
 2056 0228 0400D601 		.word	30801924
 2057 022c 0000D601 		.word	30801920
 2058              		.cfi_endproc
 2059              	.LFE4:
 2061              	.Letext0:
DEFINED SYMBOLS
                            *ABS*:00000000 iic.c
C:\Users\Pedro\AppData\Local\Temp\ccF5QfEi.s:1774   .text:00000000 $a
C:\Users\Pedro\AppData\Local\Temp\ccF5QfEi.s:1777   .text:00000000 iic_init
C:\Users\Pedro\AppData\Local\Temp\ccF5QfEi.s:1813   .text:0000003c $d
C:\Users\Pedro\AppData\Local\Temp\ccF5QfEi.s:1819   .text:00000048 $a
C:\Users\Pedro\AppData\Local\Temp\ccF5QfEi.s:1822   .text:00000048 iic_start
C:\Users\Pedro\AppData\Local\Temp\ccF5QfEi.s:1876   .text:000000c0 $d
C:\Users\Pedro\AppData\Local\Temp\ccF5QfEi.s:1882   .text:000000cc $a
C:\Users\Pedro\AppData\Local\Temp\ccF5QfEi.s:1885   .text:000000cc iic_putByte
C:\Users\Pedro\AppData\Local\Temp\ccF5QfEi.s:1931   .text:00000128 $d
C:\Users\Pedro\AppData\Local\Temp\ccF5QfEi.s:1936   .text:00000130 $a
C:\Users\Pedro\AppData\Local\Temp\ccF5QfEi.s:1939   .text:00000130 iic_getByte
C:\Users\Pedro\AppData\Local\Temp\ccF5QfEi.s:2005   .text:000001c8 $d
C:\Users\Pedro\AppData\Local\Temp\ccF5QfEi.s:2010   .text:000001d0 $a
C:\Users\Pedro\AppData\Local\Temp\ccF5QfEi.s:2013   .text:000001d0 iic_stop
C:\Users\Pedro\AppData\Local\Temp\ccF5QfEi.s:2056   .text:00000228 $d
                     .debug_frame:00000010 $d

UNDEFINED SYMBOLS
Delay
